Using pre-set license

 COMMAND LINE ARGUMENTS:
/Applications/Unity/Hub/Editor/2020.3.7f1/Unity.app/Contents/MacOS/Unity
-adb2
-batchMode
-noUpm
-name
AssetImportWorker0
-projectPath
/Users/sim-woojeong/Hanium
-logFile
Logs/AssetImportWorker0.log
-srvPort
55796
Successfully changed project path to: /Users/sim-woojeong/Hanium
/Users/sim-woojeong/Hanium
Using Asset Import Pipeline V2.
Refreshing native plugins compatible for Editor in 37.79 ms, found 1 plugins.
Preloading 0 native plugins for Editor in 0.00 ms.
Initialize engine version: 2020.3.7f1 (dd97f2c94397)
[Subsystems] Discovering subsystems at path /Applications/Unity/Hub/Editor/2020.3.7f1/Unity.app/Contents/Resources/UnitySubsystems
[Subsystems] Discovering subsystems at path /Users/sim-woojeong/Hanium/Assets
GfxDevice: creating device client; threaded=0
2021-05-20 22:00:52.213 Unity[16683:5030194] Color LCD preferred device: AMD Radeon Pro 5300M (high power)
2021-05-20 22:00:52.213 Unity[16683:5030194] Metal devices available: 2
2021-05-20 22:00:52.213 Unity[16683:5030194] 0: AMD Radeon Pro 5300M (high power)
2021-05-20 22:00:52.213 Unity[16683:5030194] 1: Intel(R) UHD Graphics 630 (low power)
2021-05-20 22:00:52.213 Unity[16683:5030194] Using device AMD Radeon Pro 5300M (high power)
Initializing Metal device caps: AMD Radeon Pro 5300M
Initialize mono
Mono path[0] = '/Applications/Unity/Hub/Editor/2020.3.7f1/Unity.app/Contents/Managed'
Mono path[1] = '/Applications/Unity/Hub/Editor/2020.3.7f1/Unity.app/Contents/MonoBleedingEdge/lib/mono/unityjit'
Mono config path = '/Applications/Unity/Hub/Editor/2020.3.7f1/Unity.app/Contents/MonoBleedingEdge/etc'
Using monoOptions --debugger-agent=transport=dt_socket,embedding=1,server=y,suspend=n,address=127.0.0.1:56683
Begin MonoManager ReloadAssembly
Registering precompiled unity dll's ...
Register platform support module: /Applications/Unity/Hub/Editor/2020.3.7f1/Unity.app/Contents/PlaybackEngines/MacStandaloneSupport/UnityEditor.OSXStandalone.Extensions.dll
Register platform support module: /Applications/Unity/Hub/Editor/2020.3.7f1/PlaybackEngines/WindowsStandaloneSupport/UnityEditor.WindowsStandalone.Extensions.dll
Registered in 0.000590 seconds.
Native extension for WindowsStandalone target not found
Native extension for OSXStandalone target not found
Refreshing native plugins compatible for Editor in 28.99 ms, found 1 plugins.
Preloading 0 native plugins for Editor in 0.00 ms.
Mono: successfully reloaded assembly
- Completed reload, in  2.653 seconds
Platform modules already initialized, skipping
Registering precompiled user dll's ...
Registered in 0.000790 seconds.
Begin MonoManager ReloadAssembly
Native extension for WindowsStandalone target not found
Native extension for OSXStandalone target not found
Refreshing native plugins compatible for Editor in 0.47 ms, found 1 plugins.
Preloading 0 native plugins for Editor in 0.00 ms.
Mono: successfully reloaded assembly
- Completed reload, in  1.033 seconds
Platform modules already initialized, skipping
========================================================================
Worker process is ready to serve import requests
Launching external process: /Applications/Unity/Hub/Editor/2020.3.7f1/Unity.app/Contents/Tools/UnityShaderCompiler
Launched and connected shader compiler UnityShaderCompiler after 0.01 seconds
Refreshing native plugins compatible for Editor in 0.51 ms, found 1 plugins.
Preloading 0 native plugins for Editor in 0.00 ms.
Unloading 1661 Unused Serialized files (Serialized files now loaded: 0)
System memory in use before: 133.9 MB.
System memory in use after: 134.0 MB.

Unloading 49 unused Assets to reduce memory usage. Loaded Objects now: 2074.
Total: 6.306814 ms (FindLiveObjects: 0.406065 ms CreateObjectMapping: 0.132395 ms MarkObjects: 5.678180 ms  DeleteObjects: 0.087563 ms)

========================================================================
Received Import Request.
  path: Assets/font
  artifactKey: Guid(c093e881c33d446d5a60b9e60433f0f4) Importer(815301076,1909f56bfc062723c751e8b465ee728b)
Start importing Assets/font using Guid(c093e881c33d446d5a60b9e60433f0f4) Importer(815301076,1909f56bfc062723c751e8b465ee728b)  -> (artifact id: 'de66c11eab90d1e946a99094c178f304') in 0.004451 seconds
  Import took 0.007573 seconds .

========================================================================
Received Import Request.
  Time since last request: 0.002462 seconds.
  path: Assets/font/DXMSubtitlesM-KSCpc-EUC-H.ttf
  artifactKey: Guid(e8aa93c84a47243dea135bda4fb143d1) Importer(815301076,1909f56bfc062723c751e8b465ee728b)
Start importing Assets/font/DXMSubtitlesM-KSCpc-EUC-H.ttf using Guid(e8aa93c84a47243dea135bda4fb143d1) Importer(815301076,1909f56bfc062723c751e8b465ee728b)  -> (artifact id: '490ed70cc9de18a24922136c600ad5ed') in 0.701192 seconds
  Import took 0.704565 seconds .

========================================================================
Received Import Request.
  Time since last request: 0.002654 seconds.
  path: Assets/font/OdAmumal.ttf
  artifactKey: Guid(4df00bca767db4b02a9a6dac8d709ea0) Importer(815301076,1909f56bfc062723c751e8b465ee728b)
Start importing Assets/font/OdAmumal.ttf using Guid(4df00bca767db4b02a9a6dac8d709ea0) Importer(815301076,1909f56bfc062723c751e8b465ee728b)  -> (artifact id: '61f21d17872f407734cb299c414f4154') in 0.009604 seconds
  Import took 0.012920 seconds .

========================================================================
Received Import Request.
  Time since last request: 0.002032 seconds.
  path: Assets/Image/right_arrow.png
  artifactKey: Guid(1be0f5d6bf84a4d9fa016af22d35d261) Importer(815301076,1909f56bfc062723c751e8b465ee728b)
Start importing Assets/Image/right_arrow.png using Guid(1be0f5d6bf84a4d9fa016af22d35d261) Importer(815301076,1909f56bfc062723c751e8b465ee728b)  -> (artifact id: 'cfb728830366c8c28a678c808961e900') in 0.392261 seconds
  Import took 0.395988 seconds .

========================================================================
Received Import Request.
  Time since last request: 0.002062 seconds.
  path: Assets/Image/ExpExplain1.png
  artifactKey: Guid(6345168758c4149c591c991c6a0e7b38) Importer(815301076,1909f56bfc062723c751e8b465ee728b)
Start importing Assets/Image/ExpExplain1.png using Guid(6345168758c4149c591c991c6a0e7b38) Importer(815301076,1909f56bfc062723c751e8b465ee728b)  -> (artifact id: '56be99cc344f27122f4e0b91c0acfa51') in 0.038049 seconds
  Import took 0.040851 seconds .

========================================================================
Received Import Request.
  Time since last request: 0.003958 seconds.
  path: Assets/Image/ExpExplain2.png
  artifactKey: Guid(cc1cd99f065894c66a86324b5fc5f0e9) Importer(815301076,1909f56bfc062723c751e8b465ee728b)
Start importing Assets/Image/ExpExplain2.png using Guid(cc1cd99f065894c66a86324b5fc5f0e9) Importer(815301076,1909f56bfc062723c751e8b465ee728b)  -> (artifact id: 'fc2b9d9bee4c7ac735f91e858f838c82') in 0.041384 seconds
  Import took 0.044632 seconds .

========================================================================
Received Import Request.
  Time since last request: 0.004360 seconds.
  path: Assets/Resources
  artifactKey: Guid(65e4ad392165b4fca93a584ca4a2cd80) Importer(815301076,1909f56bfc062723c751e8b465ee728b)
Start importing Assets/Resources using Guid(65e4ad392165b4fca93a584ca4a2cd80) Importer(815301076,1909f56bfc062723c751e8b465ee728b)  -> (artifact id: 'ea7699c307070ba9d7c7ac7e85200bca') in 0.000706 seconds
  Import took 0.003427 seconds .

========================================================================
Received Import Request.
  Time since last request: 0.001092 seconds.
  path: Assets/Image
  artifactKey: Guid(3246c8bda131b41de925bd08315e8608) Importer(815301076,1909f56bfc062723c751e8b465ee728b)
Start importing Assets/Image using Guid(3246c8bda131b41de925bd08315e8608) Importer(815301076,1909f56bfc062723c751e8b465ee728b)  -> (artifact id: 'a360b49d990c8fbc445dadb157c98d15') in 0.000667 seconds
  Import took 0.002704 seconds .

========================================================================
Received Import Request.
  Time since last request: 0.001803 seconds.
  path: Assets/Image/left_arrow.png
  artifactKey: Guid(72fbfdbca74cb4a6a80459d968da87ae) Importer(815301076,1909f56bfc062723c751e8b465ee728b)
Start importing Assets/Image/left_arrow.png using Guid(72fbfdbca74cb4a6a80459d968da87ae) Importer(815301076,1909f56bfc062723c751e8b465ee728b)  -> (artifact id: '6631004a75ebe45dadc902d201030986') in 0.020629 seconds
  Import took 0.023167 seconds .

========================================================================
Received Import Request.
  Time since last request: 0.001709 seconds.
  path: Assets/Resources/BillingMode.json
  artifactKey: Guid(92a03e774c8454dc29890c9ba9d91bbe) Importer(815301076,1909f56bfc062723c751e8b465ee728b)
Start importing Assets/Resources/BillingMode.json using Guid(92a03e774c8454dc29890c9ba9d91bbe) Importer(815301076,1909f56bfc062723c751e8b465ee728b)  -> (artifact id: '4110bfea1a8274d78d4ac8dc2b8cdadb') in 1.925991 seconds
  Import took 1.929404 seconds .

========================================================================
Received Import Request.
  Time since last request: 0.002857 seconds.
  path: Assets/font/THE_Oegyeinseolmyeongseo.ttf
  artifactKey: Guid(a0c955a60ad30416ba0de2405a4ce29c) Importer(815301076,1909f56bfc062723c751e8b465ee728b)
Start importing Assets/font/THE_Oegyeinseolmyeongseo.ttf using Guid(a0c955a60ad30416ba0de2405a4ce29c) Importer(815301076,1909f56bfc062723c751e8b465ee728b)  -> (artifact id: '05c5dc7cf8546da1cd00ef027231513b') in 0.010280 seconds
  Import took 0.012913 seconds .

========================================================================
Received Prepare
Registering precompiled user dll's ...
Registered in 0.000698 seconds.
Begin MonoManager ReloadAssembly
Native extension for WindowsStandalone target not found
Native extension for OSXStandalone target not found
Refreshing native plugins compatible for Editor in 0.48 ms, found 1 plugins.
Preloading 0 native plugins for Editor in 0.00 ms.
Mono: successfully reloaded assembly
- Completed reload, in  0.957 seconds
Platform modules already initialized, skipping
Refreshing native plugins compatible for Editor in 0.47 ms, found 1 plugins.
Preloading 0 native plugins for Editor in 0.00 ms.
Unloading 1654 Unused Serialized files (Serialized files now loaded: 0)
System memory in use before: 150.6 MB.
System memory in use after: 150.8 MB.

Unloading 40 unused Assets to reduce memory usage. Loaded Objects now: 2125.
Total: 5.086318 ms (FindLiveObjects: 0.198974 ms CreateObjectMapping: 0.078446 ms MarkObjects: 4.786778 ms  DeleteObjects: 0.020550 ms)

========================================================================
Received Prepare
Refreshing native plugins compatible for Editor in 4.85 ms, found 1 plugins.
Preloading 0 native plugins for Editor in 0.00 ms.
Unloading 38 Unused Serialized files (Serialized files now loaded: 0)
System memory in use before: 118.8 MB.
System memory in use after: 118.9 MB.

Unloading 38 unused Assets to reduce memory usage. Loaded Objects now: 2125.
Total: 5.511972 ms (FindLiveObjects: 0.218409 ms CreateObjectMapping: 0.068915 ms MarkObjects: 5.206377 ms  DeleteObjects: 0.016860 ms)

========================================================================
Received Import Request.
  Time since last request: 714.861847 seconds.
  path: Assets/font/DXMSubtitlesM-KSCpc-EUC-H.ttf
  artifactKey: Guid(e8aa93c84a47243dea135bda4fb143d1) Importer(815301076,1909f56bfc062723c751e8b465ee728b)
Start importing Assets/font/DXMSubtitlesM-KSCpc-EUC-H.ttf using Guid(e8aa93c84a47243dea135bda4fb143d1) Importer(815301076,1909f56bfc062723c751e8b465ee728b)  -> (artifact id: 'ab7c740f9e3bd2a693d48b3a548792f6') in 0.075721 seconds
  Import took 0.079967 seconds .

========================================================================
Received Import Request.
  Time since last request: 0.002517 seconds.
  path: Assets/font/OdAmumal.ttf
  artifactKey: Guid(4df00bca767db4b02a9a6dac8d709ea0) Importer(815301076,1909f56bfc062723c751e8b465ee728b)
Start importing Assets/font/OdAmumal.ttf using Guid(4df00bca767db4b02a9a6dac8d709ea0) Importer(815301076,1909f56bfc062723c751e8b465ee728b)  -> (artifact id: 'e0de01c9ab3e8e9056c0960ae015142b') in 0.009749 seconds
  Import took 0.012856 seconds .

========================================================================
Received Import Request.
  Time since last request: 0.001672 seconds.
  path: Assets/Image/right_arrow.png
  artifactKey: Guid(1be0f5d6bf84a4d9fa016af22d35d261) Importer(815301076,1909f56bfc062723c751e8b465ee728b)
Start importing Assets/Image/right_arrow.png using Guid(1be0f5d6bf84a4d9fa016af22d35d261) Importer(815301076,1909f56bfc062723c751e8b465ee728b)  -> (artifact id: '472741679cf35831101ca102c7de6308') in 0.024127 seconds
  Import took 0.027603 seconds .

========================================================================
Received Import Request.
  Time since last request: 0.001591 seconds.
  path: Assets/Image/ExpExplain1.png
  artifactKey: Guid(6345168758c4149c591c991c6a0e7b38) Importer(815301076,1909f56bfc062723c751e8b465ee728b)
Start importing Assets/Image/ExpExplain1.png using Guid(6345168758c4149c591c991c6a0e7b38) Importer(815301076,1909f56bfc062723c751e8b465ee728b)  -> (artifact id: '26a12bde03ef73a706f5c67e5f7f437a') in 0.021723 seconds
  Import took 0.024874 seconds .

========================================================================
Received Import Request.
  Time since last request: 0.003114 seconds.
  path: Assets/Image/ExpExplain2.png
  artifactKey: Guid(cc1cd99f065894c66a86324b5fc5f0e9) Importer(815301076,1909f56bfc062723c751e8b465ee728b)
Start importing Assets/Image/ExpExplain2.png using Guid(cc1cd99f065894c66a86324b5fc5f0e9) Importer(815301076,1909f56bfc062723c751e8b465ee728b)  -> (artifact id: 'dc5d595e95c1450c42c23740b7fce0cd') in 0.012758 seconds
  Import took 0.016135 seconds .

========================================================================
Received Import Request.
  Time since last request: 0.006479 seconds.
  path: Assets/Image/left_arrow.png
  artifactKey: Guid(72fbfdbca74cb4a6a80459d968da87ae) Importer(815301076,1909f56bfc062723c751e8b465ee728b)
Start importing Assets/Image/left_arrow.png using Guid(72fbfdbca74cb4a6a80459d968da87ae) Importer(815301076,1909f56bfc062723c751e8b465ee728b)  -> (artifact id: '1461b96a931dc87c6712dc975822021b') in 0.010675 seconds
  Import took 0.013816 seconds .

========================================================================
Received Import Request.
  Time since last request: 0.003739 seconds.
  path: Assets/font/THE_Oegyeinseolmyeongseo.ttf
  artifactKey: Guid(a0c955a60ad30416ba0de2405a4ce29c) Importer(815301076,1909f56bfc062723c751e8b465ee728b)
Start importing Assets/font/THE_Oegyeinseolmyeongseo.ttf using Guid(a0c955a60ad30416ba0de2405a4ce29c) Importer(815301076,1909f56bfc062723c751e8b465ee728b)  -> (artifact id: '7daa933f7adad6ebb25fdb35dc8e30b0') in 0.008991 seconds
  Import took 0.012368 seconds .

========================================================================
Received Prepare
Registering precompiled user dll's ...
Registered in 0.002519 seconds.
Begin MonoManager ReloadAssembly
Native extension for WindowsStandalone target not found
Native extension for OSXStandalone target not found
Refreshing native plugins compatible for Editor in 0.48 ms, found 1 plugins.
Preloading 0 native plugins for Editor in 0.00 ms.
Mono: successfully reloaded assembly
- Completed reload, in  1.143 seconds
Platform modules already initialized, skipping
Refreshing native plugins compatible for Editor in 0.57 ms, found 1 plugins.
Preloading 0 native plugins for Editor in 0.00 ms.
Unloading 1654 Unused Serialized files (Serialized files now loaded: 0)
System memory in use before: 151.1 MB.
System memory in use after: 151.2 MB.

Unloading 40 unused Assets to reduce memory usage. Loaded Objects now: 2130.
Total: 5.744709 ms (FindLiveObjects: 0.233269 ms CreateObjectMapping: 0.063622 ms MarkObjects: 5.385559 ms  DeleteObjects: 0.060977 ms)

