Using pre-set license
Built from '2020.3/release' branch; Version is '2020.3.7f1 (dd97f2c94397) revision 14522354'; Using compiler version '192528614'; Build Type 'Release'
OS: 'Windows 10 Pro; OS build 19043.1165; Version 2009; 64bit' Language: 'ko' Physical Memory: 16322 MB
BatchMode: 1, IsHumanControllingUs: 0, StartBugReporterOnCrash: 0, Is64bit: 1, IsPro: 0

 COMMAND LINE ARGUMENTS:
C:\Program Files\2020.3.7f1\Editor\Unity.exe
-adb2
-batchMode
-noUpm
-name
AssetImportWorker0
-projectPath
C:/Users/hyejoon/OneDrive/바탕 화면/SolarSystem/Exp_Fire
-logFile
Logs/AssetImportWorker0.log
-srvPort
57103
Successfully changed project path to: C:/Users/hyejoon/OneDrive/바탕 화면/SolarSystem/Exp_Fire
C:/Users/hyejoon/OneDrive/바탕 화면/SolarSystem/Exp_Fire
Using Asset Import Pipeline V2.
Refreshing native plugins compatible for Editor in 19.47 ms, found 0 plugins.
Preloading 0 native plugins for Editor in 0.00 ms.
Initialize engine version: 2020.3.7f1 (dd97f2c94397)
[Subsystems] Discovering subsystems at path C:/Program Files/2020.3.7f1/Editor/Data/Resources/UnitySubsystems
[Subsystems] Discovering subsystems at path C:/Users/hyejoon/OneDrive/바탕 화면/SolarSystem/Exp_Fire/Assets
GfxDevice: creating device client; threaded=0
Direct3D:
    Version:  Direct3D 11.0 [level 11.1]
    Renderer: NVIDIA GeForce GTX 1660 SUPER (ID=0x21c4)
    Vendor:   
    VRAM:     5991 MB
    Driver:   27.21.14.5671
Initialize mono
Mono path[0] = 'C:/Program Files/2020.3.7f1/Editor/Data/Managed'
Mono path[1] = 'C:/Program Files/2020.3.7f1/Editor/Data/MonoBleedingEdge/lib/mono/unityjit'
Mono config path = 'C:/Program Files/2020.3.7f1/Editor/Data/MonoBleedingEdge/etc'
Using monoOptions --debugger-agent=transport=dt_socket,embedding=1,server=y,suspend=n,address=127.0.0.1:56952
Begin MonoManager ReloadAssembly
Registering precompiled unity dll's ...
Register platform support module: C:/Program Files/2020.3.7f1/Editor/Data/PlaybackEngines/WindowsStandaloneSupport/UnityEditor.WindowsStandalone.Extensions.dll
Registered in 0.002144 seconds.
Native extension for WindowsStandalone target not found
Refreshing native plugins compatible for Editor in 19.65 ms, found 0 plugins.
Preloading 0 native plugins for Editor in 0.00 ms.
Mono: successfully reloaded assembly
- Completed reload, in  1.523 seconds
Platform modules already initialized, skipping
Registering precompiled user dll's ...
Registered in 0.000695 seconds.
Begin MonoManager ReloadAssembly
Native extension for WindowsStandalone target not found
Refreshing native plugins compatible for Editor in 0.40 ms, found 0 plugins.
Preloading 0 native plugins for Editor in 0.00 ms.
Mono: successfully reloaded assembly
- Completed reload, in  0.687 seconds
Platform modules already initialized, skipping
========================================================================
Worker process is ready to serve import requests
Launched and connected shader compiler UnityShaderCompiler.exe after 0.04 seconds
Refreshing native plugins compatible for Editor in 0.20 ms, found 0 plugins.
Preloading 0 native plugins for Editor in 0.00 ms.
Unloading 1190 Unused Serialized files (Serialized files now loaded: 0)
System memory in use before: 62.7 MB.
System memory in use after: 62.8 MB.

Unloading 9 unused Assets to reduce memory usage. Loaded Objects now: 1637.
Total: 1.900300 ms (FindLiveObjects: 0.308000 ms CreateObjectMapping: 0.138700 ms MarkObjects: 1.397300 ms  DeleteObjects: 0.054400 ms)

========================================================================
Received Import Request.
  path: Assets/Script/CombineCottonFoil/CollisionEvent.cs
  artifactKey: Guid(3fb71d10e247741caa6709df431ccc72) Importer(815301076,1909f56bfc062723c751e8b465ee728b)
Start importing Assets/Script/CombineCottonFoil/CollisionEvent.cs using Guid(3fb71d10e247741caa6709df431ccc72) Importer(815301076,1909f56bfc062723c751e8b465ee728b)  -> (artifact id: 'fa2737514706b9a701492dd9bd6282b7') in 0.032391 seconds
  Import took 0.034001 seconds .

========================================================================
Received Import Request.
  Time since last request: 0.000201 seconds.
  path: Assets/Script/CombineCottonFoil
  artifactKey: Guid(6743fe8c96cc642479c0f5d2fe16980e) Importer(815301076,1909f56bfc062723c751e8b465ee728b)
Start importing Assets/Script/CombineCottonFoil using Guid(6743fe8c96cc642479c0f5d2fe16980e) Importer(815301076,1909f56bfc062723c751e8b465ee728b)  -> (artifact id: '7aba35b7df68cef18b95819c59ac8f92') in 0.004947 seconds
  Import took 0.006423 seconds .

========================================================================
Received Import Request.
  Time since last request: 0.000175 seconds.
  path: Assets/Script/ColoredFire
  artifactKey: Guid(ac91e392ee5d14f4fa83041547024c38) Importer(815301076,1909f56bfc062723c751e8b465ee728b)
Start importing Assets/Script/ColoredFire using Guid(ac91e392ee5d14f4fa83041547024c38) Importer(815301076,1909f56bfc062723c751e8b465ee728b)  -> (artifact id: 'f48b561f5bd78f091a49e449b0df0a50') in 0.005487 seconds
  Import took 0.006966 seconds .

========================================================================
Received Prepare
Refreshing native plugins compatible for Editor in 0.79 ms, found 0 plugins.
Preloading 0 native plugins for Editor in 0.00 ms.
Unloading 3 Unused Serialized files (Serialized files now loaded: 0)
System memory in use before: 38.7 MB.
System memory in use after: 38.8 MB.

Unloading 3 unused Assets to reduce memory usage. Loaded Objects now: 1637.
Total: 1.621800 ms (FindLiveObjects: 0.134300 ms CreateObjectMapping: 0.041100 ms MarkObjects: 1.402400 ms  DeleteObjects: 0.043000 ms)

AssetImportWorkerClient::OnTransportError - code=2 error=End of file
