Using pre-set license
Built from '2020.3/release' branch; Version is '2020.3.7f1 (dd97f2c94397) revision 14522354'; Using compiler version '192528614'; Build Type 'Release'
OS: 'Windows 10 Pro; OS build 19043.1165; Version 2009; 64bit' Language: 'ko' Physical Memory: 16322 MB
BatchMode: 1, IsHumanControllingUs: 0, StartBugReporterOnCrash: 0, Is64bit: 1, IsPro: 0

 COMMAND LINE ARGUMENTS:
C:\Program Files\2020.3.7f1\Editor\Unity.exe
-adb2
-batchMode
-noUpm
-name
AssetImportWorker0
-projectPath
C:/Users/hyejoon/OneDrive/바탕 화면/SolarSystem/SolarSystemAR
-logFile
Logs/AssetImportWorker0.log
-srvPort
62011
Successfully changed project path to: C:/Users/hyejoon/OneDrive/바탕 화면/SolarSystem/SolarSystemAR
C:/Users/hyejoon/OneDrive/바탕 화면/SolarSystem/SolarSystemAR
Using Asset Import Pipeline V2.
Refreshing native plugins compatible for Editor in 33.02 ms, found 5 plugins.
Preloading 0 native plugins for Editor in 0.00 ms.
Initialize engine version: 2020.3.7f1 (dd97f2c94397)
[Subsystems] Discovering subsystems at path C:/Program Files/2020.3.7f1/Editor/Data/Resources/UnitySubsystems
[Subsystems] Discovering subsystems at path C:/Users/hyejoon/OneDrive/바탕 화면/SolarSystem/SolarSystemAR/Assets
GfxDevice: creating device client; threaded=0
Direct3D:
    Version:  Direct3D 11.0 [level 11.1]
    Renderer: NVIDIA GeForce GTX 1660 SUPER (ID=0x21c4)
    Vendor:   
    VRAM:     5991 MB
    Driver:   27.21.14.5671
Initialize mono
Mono path[0] = 'C:/Program Files/2020.3.7f1/Editor/Data/Managed'
Mono path[1] = 'C:/Program Files/2020.3.7f1/Editor/Data/MonoBleedingEdge/lib/mono/unityjit'
Mono config path = 'C:/Program Files/2020.3.7f1/Editor/Data/MonoBleedingEdge/etc'
Using monoOptions --debugger-agent=transport=dt_socket,embedding=1,server=y,suspend=n,address=127.0.0.1:56336
Begin MonoManager ReloadAssembly
Registering precompiled unity dll's ...
Register platform support module: C:/Program Files/2020.3.7f1/Editor/Data/PlaybackEngines/WindowsStandaloneSupport/UnityEditor.WindowsStandalone.Extensions.dll
Registered in 0.002497 seconds.
Native extension for WindowsStandalone target not found
Refreshing native plugins compatible for Editor in 27.73 ms, found 5 plugins.
Preloading 0 native plugins for Editor in 0.00 ms.
Mono: successfully reloaded assembly
- Completed reload, in  1.636 seconds
Platform modules already initialized, skipping
Registering precompiled user dll's ...
Registered in 0.007046 seconds.
Begin MonoManager ReloadAssembly
Native extension for WindowsStandalone target not found
Refreshing native plugins compatible for Editor in 0.38 ms, found 5 plugins.
Preloading 0 native plugins for Editor in 0.00 ms.
Mono: successfully reloaded assembly
- Completed reload, in  0.787 seconds
Platform modules already initialized, skipping
========================================================================
Worker process is ready to serve import requests
Launched and connected shader compiler UnityShaderCompiler.exe after 0.04 seconds
Refreshing native plugins compatible for Editor in 0.37 ms, found 5 plugins.
Preloading 0 native plugins for Editor in 0.00 ms.
Unloading 1429 Unused Serialized files (Serialized files now loaded: 0)
System memory in use before: 72.2 MB.
System memory in use after: 72.2 MB.

Unloading 33 unused Assets to reduce memory usage. Loaded Objects now: 1863.
Total: 1.616700 ms (FindLiveObjects: 0.205800 ms CreateObjectMapping: 0.064100 ms MarkObjects: 1.273100 ms  DeleteObjects: 0.072800 ms)

========================================================================
Received Import Request.
  path: Assets/Scripts/CorrectAnswer.cs
  artifactKey: Guid(c60df22f8a9f9cc4bb5abc19c7aea4ca) Importer(815301076,1909f56bfc062723c751e8b465ee728b)
Start importing Assets/Scripts/CorrectAnswer.cs using Guid(c60df22f8a9f9cc4bb5abc19c7aea4ca) Importer(815301076,1909f56bfc062723c751e8b465ee728b)  -> (artifact id: '328b8c59b7291f6752bb5e833ffddb3e') in 0.026065 seconds
  Import took 0.028177 seconds .

========================================================================
Received Prepare
Refreshing native plugins compatible for Editor in 8.65 ms, found 5 plugins.
Preloading 0 native plugins for Editor in 0.00 ms.
Unloading 26 Unused Serialized files (Serialized files now loaded: 0)
System memory in use before: 43.1 MB.
System memory in use after: 43.2 MB.

Unloading 26 unused Assets to reduce memory usage. Loaded Objects now: 1863.
Total: 1.525300 ms (FindLiveObjects: 0.146800 ms CreateObjectMapping: 0.046200 ms MarkObjects: 1.276500 ms  DeleteObjects: 0.053800 ms)

========================================================================
Received Import Request.
  Time since last request: 8.821876 seconds.
  path: Assets/Scripts/FixNeptune.cs
  artifactKey: Guid(ae1b76f25fa79ed4f9b734e36bef9849) Importer(815301076,1909f56bfc062723c751e8b465ee728b)
Start importing Assets/Scripts/FixNeptune.cs using Guid(ae1b76f25fa79ed4f9b734e36bef9849) Importer(815301076,1909f56bfc062723c751e8b465ee728b)  -> (artifact id: '3351fbdfcbaa7969a0ee9b687bfc7cf1') in 0.003061 seconds
  Import took 0.005083 seconds .

========================================================================
Received Prepare
Registering precompiled user dll's ...
Registered in 0.006106 seconds.
Begin MonoManager ReloadAssembly
Native extension for WindowsStandalone target not found
Refreshing native plugins compatible for Editor in 0.39 ms, found 5 plugins.
Preloading 0 native plugins for Editor in 0.00 ms.
Mono: successfully reloaded assembly
- Completed reload, in  0.709 seconds
Platform modules already initialized, skipping
Refreshing native plugins compatible for Editor in 0.39 ms, found 5 plugins.
Preloading 0 native plugins for Editor in 0.00 ms.
Unloading 1410 Unused Serialized files (Serialized files now loaded: 0)
System memory in use before: 70.7 MB.
System memory in use after: 70.7 MB.

Unloading 28 unused Assets to reduce memory usage. Loaded Objects now: 1866.
Total: 1.382400 ms (FindLiveObjects: 0.152400 ms CreateObjectMapping: 0.046100 ms MarkObjects: 1.129900 ms  DeleteObjects: 0.053000 ms)

========================================================================
Received Prepare
Registering precompiled user dll's ...
Registered in 0.006232 seconds.
Begin MonoManager ReloadAssembly
Native extension for WindowsStandalone target not found
Refreshing native plugins compatible for Editor in 0.39 ms, found 5 plugins.
Preloading 0 native plugins for Editor in 0.00 ms.
Mono: successfully reloaded assembly
- Completed reload, in  0.722 seconds
Platform modules already initialized, skipping
Refreshing native plugins compatible for Editor in 0.38 ms, found 5 plugins.
Preloading 0 native plugins for Editor in 0.00 ms.
Unloading 1410 Unused Serialized files (Serialized files now loaded: 0)
System memory in use before: 70.7 MB.
System memory in use after: 70.8 MB.

Unloading 28 unused Assets to reduce memory usage. Loaded Objects now: 1869.
Total: 1.573900 ms (FindLiveObjects: 0.171400 ms CreateObjectMapping: 0.066400 ms MarkObjects: 1.282200 ms  DeleteObjects: 0.052800 ms)

========================================================================
Received Prepare
Registering precompiled user dll's ...
Registered in 0.006021 seconds.
Begin MonoManager ReloadAssembly
Native extension for WindowsStandalone target not found
Refreshing native plugins compatible for Editor in 0.40 ms, found 5 plugins.
Preloading 0 native plugins for Editor in 0.00 ms.
Mono: successfully reloaded assembly
- Completed reload, in  0.700 seconds
Platform modules already initialized, skipping
Refreshing native plugins compatible for Editor in 0.40 ms, found 5 plugins.
Preloading 0 native plugins for Editor in 0.00 ms.
Unloading 1410 Unused Serialized files (Serialized files now loaded: 0)
System memory in use before: 70.7 MB.
System memory in use after: 70.8 MB.

Unloading 28 unused Assets to reduce memory usage. Loaded Objects now: 1872.
Total: 1.373700 ms (FindLiveObjects: 0.150100 ms CreateObjectMapping: 0.041400 ms MarkObjects: 1.127700 ms  DeleteObjects: 0.053400 ms)

========================================================================
Received Prepare
Registering precompiled user dll's ...
Registered in 0.006486 seconds.
Begin MonoManager ReloadAssembly
Native extension for WindowsStandalone target not found
Refreshing native plugins compatible for Editor in 0.39 ms, found 5 plugins.
Preloading 0 native plugins for Editor in 0.00 ms.
Mono: successfully reloaded assembly
- Completed reload, in  0.696 seconds
Platform modules already initialized, skipping
Refreshing native plugins compatible for Editor in 0.38 ms, found 5 plugins.
Preloading 0 native plugins for Editor in 0.00 ms.
Unloading 1410 Unused Serialized files (Serialized files now loaded: 0)
System memory in use before: 70.7 MB.
System memory in use after: 70.8 MB.

Unloading 28 unused Assets to reduce memory usage. Loaded Objects now: 1875.
Total: 1.508100 ms (FindLiveObjects: 0.156200 ms CreateObjectMapping: 0.048600 ms MarkObjects: 1.214900 ms  DeleteObjects: 0.087300 ms)

========================================================================
Received Prepare
Registering precompiled user dll's ...
Registered in 0.006274 seconds.
Begin MonoManager ReloadAssembly
Native extension for WindowsStandalone target not found
Refreshing native plugins compatible for Editor in 0.41 ms, found 5 plugins.
Preloading 0 native plugins for Editor in 0.00 ms.
Mono: successfully reloaded assembly
- Completed reload, in  0.712 seconds
Platform modules already initialized, skipping
Refreshing native plugins compatible for Editor in 0.38 ms, found 5 plugins.
Preloading 0 native plugins for Editor in 0.00 ms.
Unloading 1410 Unused Serialized files (Serialized files now loaded: 0)
System memory in use before: 70.7 MB.
System memory in use after: 70.8 MB.

Unloading 28 unused Assets to reduce memory usage. Loaded Objects now: 1878.
Total: 1.511300 ms (FindLiveObjects: 0.144400 ms CreateObjectMapping: 0.039600 ms MarkObjects: 1.272100 ms  DeleteObjects: 0.054000 ms)

========================================================================
Received Prepare
Registering precompiled user dll's ...
Registered in 0.006606 seconds.
Begin MonoManager ReloadAssembly
Native extension for WindowsStandalone target not found
Refreshing native plugins compatible for Editor in 0.41 ms, found 5 plugins.
Preloading 0 native plugins for Editor in 0.00 ms.
Mono: successfully reloaded assembly
- Completed reload, in  0.718 seconds
Platform modules already initialized, skipping
Refreshing native plugins compatible for Editor in 0.46 ms, found 5 plugins.
Preloading 0 native plugins for Editor in 0.00 ms.
Unloading 1410 Unused Serialized files (Serialized files now loaded: 0)
System memory in use before: 70.8 MB.
System memory in use after: 70.8 MB.

Unloading 28 unused Assets to reduce memory usage. Loaded Objects now: 1881.
Total: 1.630000 ms (FindLiveObjects: 0.170400 ms CreateObjectMapping: 0.074600 ms MarkObjects: 1.319700 ms  DeleteObjects: 0.063100 ms)

========================================================================
Received Prepare
Registering precompiled user dll's ...
Registered in 0.006235 seconds.
Begin MonoManager ReloadAssembly
Native extension for WindowsStandalone target not found
Refreshing native plugins compatible for Editor in 0.41 ms, found 5 plugins.
Preloading 0 native plugins for Editor in 0.00 ms.
Mono: successfully reloaded assembly
- Completed reload, in  0.690 seconds
Platform modules already initialized, skipping
Refreshing native plugins compatible for Editor in 0.39 ms, found 5 plugins.
Preloading 0 native plugins for Editor in 0.00 ms.
Unloading 1410 Unused Serialized files (Serialized files now loaded: 0)
System memory in use before: 70.8 MB.
System memory in use after: 70.8 MB.

Unloading 28 unused Assets to reduce memory usage. Loaded Objects now: 1884.
Total: 1.401400 ms (FindLiveObjects: 0.157200 ms CreateObjectMapping: 0.042300 ms MarkObjects: 1.146500 ms  DeleteObjects: 0.054200 ms)

========================================================================
Received Prepare
Registering precompiled user dll's ...
Registered in 0.006193 seconds.
Begin MonoManager ReloadAssembly
Native extension for WindowsStandalone target not found
Refreshing native plugins compatible for Editor in 0.41 ms, found 5 plugins.
Preloading 0 native plugins for Editor in 0.00 ms.
Mono: successfully reloaded assembly
- Completed reload, in  0.705 seconds
Platform modules already initialized, skipping
Refreshing native plugins compatible for Editor in 0.38 ms, found 5 plugins.
Preloading 0 native plugins for Editor in 0.00 ms.
Unloading 1410 Unused Serialized files (Serialized files now loaded: 0)
System memory in use before: 70.8 MB.
System memory in use after: 70.8 MB.

Unloading 28 unused Assets to reduce memory usage. Loaded Objects now: 1887.
Total: 1.531700 ms (FindLiveObjects: 0.181200 ms CreateObjectMapping: 0.058900 ms MarkObjects: 1.232100 ms  DeleteObjects: 0.058600 ms)

========================================================================
Received Prepare
Registering precompiled user dll's ...
Registered in 0.006348 seconds.
Begin MonoManager ReloadAssembly
Native extension for WindowsStandalone target not found
Refreshing native plugins compatible for Editor in 0.41 ms, found 5 plugins.
Preloading 0 native plugins for Editor in 0.00 ms.
Mono: successfully reloaded assembly
- Completed reload, in  0.698 seconds
Platform modules already initialized, skipping
Refreshing native plugins compatible for Editor in 0.40 ms, found 5 plugins.
Preloading 0 native plugins for Editor in 0.00 ms.
Unloading 1410 Unused Serialized files (Serialized files now loaded: 0)
System memory in use before: 70.8 MB.
System memory in use after: 70.8 MB.

Unloading 28 unused Assets to reduce memory usage. Loaded Objects now: 1890.
Total: 1.411200 ms (FindLiveObjects: 0.158200 ms CreateObjectMapping: 0.043100 ms MarkObjects: 1.156600 ms  DeleteObjects: 0.052400 ms)

========================================================================
Received Import Request.
  Time since last request: 476.593178 seconds.
  path: Assets/Scripts/FixJupiter.cs
  artifactKey: Guid(21b7aff3f1d76c3438390c45c083d41a) Importer(815301076,1909f56bfc062723c751e8b465ee728b)
Start importing Assets/Scripts/FixJupiter.cs using Guid(21b7aff3f1d76c3438390c45c083d41a) Importer(815301076,1909f56bfc062723c751e8b465ee728b)  -> (artifact id: 'f771690543616866d9cee3dfcef1361a') in 0.004714 seconds
  Import took 0.007315 seconds .

========================================================================
Received Import Request.
  Time since last request: 0.000689 seconds.
  path: Assets/Scripts/FixJupiter.cs
  artifactKey: Guid(21b7aff3f1d76c3438390c45c083d41a) Importer(815301076,1909f56bfc062723c751e8b465ee728b)
Start importing Assets/Scripts/FixJupiter.cs using Guid(21b7aff3f1d76c3438390c45c083d41a) Importer(815301076,1909f56bfc062723c751e8b465ee728b)  -> (artifact id: 'f771690543616866d9cee3dfcef1361a') in 0.002579 seconds
  Import took 0.004683 seconds .

========================================================================
Received Import Request.
  Time since last request: 1.713611 seconds.
  path: Assets/Scripts/FixSaturn.cs
  artifactKey: Guid(d87ff241f84cda24198b77089c828e26) Importer(815301076,1909f56bfc062723c751e8b465ee728b)
Start importing Assets/Scripts/FixSaturn.cs using Guid(d87ff241f84cda24198b77089c828e26) Importer(815301076,1909f56bfc062723c751e8b465ee728b)  -> (artifact id: '61e5491d7e551ea9e8ca13093a7d1be0') in 0.005557 seconds
  Import took 0.007876 seconds .

========================================================================
Received Import Request.
  Time since last request: 0.383650 seconds.
  path: Assets/Scripts/FixMercury.cs
  artifactKey: Guid(f1be0d7c6ba1602408118c501fbec00c) Importer(815301076,1909f56bfc062723c751e8b465ee728b)
Start importing Assets/Scripts/FixMercury.cs using Guid(f1be0d7c6ba1602408118c501fbec00c) Importer(815301076,1909f56bfc062723c751e8b465ee728b)  -> (artifact id: 'd0bfda55c2025f340d248d8070fcb446') in 0.005897 seconds
  Import took 0.008101 seconds .

========================================================================
Received Import Request.
  Time since last request: 0.000476 seconds.
  path: Assets/Scripts/FixMercury.cs
  artifactKey: Guid(f1be0d7c6ba1602408118c501fbec00c) Importer(815301076,1909f56bfc062723c751e8b465ee728b)
Start importing Assets/Scripts/FixMercury.cs using Guid(f1be0d7c6ba1602408118c501fbec00c) Importer(815301076,1909f56bfc062723c751e8b465ee728b)  -> (artifact id: 'd0bfda55c2025f340d248d8070fcb446') in 0.002532 seconds
  Import took 0.004535 seconds .

========================================================================
Received Prepare
Registering precompiled user dll's ...
Registered in 0.007002 seconds.
Begin MonoManager ReloadAssembly
Native extension for WindowsStandalone target not found
Refreshing native plugins compatible for Editor in 0.39 ms, found 5 plugins.
Preloading 0 native plugins for Editor in 0.00 ms.
Mono: successfully reloaded assembly
- Completed reload, in  0.704 seconds
Platform modules already initialized, skipping
Refreshing native plugins compatible for Editor in 0.38 ms, found 5 plugins.
Preloading 0 native plugins for Editor in 0.00 ms.
Unloading 1410 Unused Serialized files (Serialized files now loaded: 0)
System memory in use before: 70.8 MB.
System memory in use after: 70.8 MB.

Unloading 28 unused Assets to reduce memory usage. Loaded Objects now: 1893.
Total: 1.484800 ms (FindLiveObjects: 0.172900 ms CreateObjectMapping: 0.052100 ms MarkObjects: 1.200300 ms  DeleteObjects: 0.058100 ms)

========================================================================
Received Import Request.
  Time since last request: 130.509420 seconds.
  path: Assets/Scripts/FixMercury.cs
  artifactKey: Guid(f1be0d7c6ba1602408118c501fbec00c) Importer(815301076,1909f56bfc062723c751e8b465ee728b)
Start importing Assets/Scripts/FixMercury.cs using Guid(f1be0d7c6ba1602408118c501fbec00c) Importer(815301076,1909f56bfc062723c751e8b465ee728b)  -> (artifact id: 'c3e5e2b34b34f6675eb1c9a7a6717d18') in 0.004250 seconds
  Import took 0.006585 seconds .

========================================================================
Received Prepare
Registering precompiled user dll's ...
Registered in 0.006530 seconds.
Begin MonoManager ReloadAssembly
Native extension for WindowsStandalone target not found
Refreshing native plugins compatible for Editor in 0.42 ms, found 5 plugins.
Preloading 0 native plugins for Editor in 0.00 ms.
Mono: successfully reloaded assembly
- Completed reload, in  0.706 seconds
Platform modules already initialized, skipping
Refreshing native plugins compatible for Editor in 0.44 ms, found 5 plugins.
Preloading 0 native plugins for Editor in 0.00 ms.
Unloading 1410 Unused Serialized files (Serialized files now loaded: 0)
System memory in use before: 70.8 MB.
System memory in use after: 70.9 MB.

Unloading 28 unused Assets to reduce memory usage. Loaded Objects now: 1896.
Total: 1.434000 ms (FindLiveObjects: 0.157400 ms CreateObjectMapping: 0.053800 ms MarkObjects: 1.168100 ms  DeleteObjects: 0.054000 ms)

========================================================================
Received Import Request.
  Time since last request: 33.002814 seconds.
  path: Assets/Scripts/CorrectAnswer.cs
  artifactKey: Guid(c60df22f8a9f9cc4bb5abc19c7aea4ca) Importer(815301076,1909f56bfc062723c751e8b465ee728b)
Start importing Assets/Scripts/CorrectAnswer.cs using Guid(c60df22f8a9f9cc4bb5abc19c7aea4ca) Importer(815301076,1909f56bfc062723c751e8b465ee728b)  -> (artifact id: '24beee6077803b812245a0a69ff3a060') in 0.003941 seconds
  Import took 0.005764 seconds .

========================================================================
Received Prepare
Registering precompiled user dll's ...
Registered in 0.005936 seconds.
Begin MonoManager ReloadAssembly
Native extension for WindowsStandalone target not found
Refreshing native plugins compatible for Editor in 0.40 ms, found 5 plugins.
Preloading 0 native plugins for Editor in 0.00 ms.
Mono: successfully reloaded assembly
- Completed reload, in  0.693 seconds
Platform modules already initialized, skipping
Refreshing native plugins compatible for Editor in 0.42 ms, found 5 plugins.
Preloading 0 native plugins for Editor in 0.00 ms.
Unloading 1409 Unused Serialized files (Serialized files now loaded: 0)
System memory in use before: 70.8 MB.
System memory in use after: 70.8 MB.

Unloading 29 unused Assets to reduce memory usage. Loaded Objects now: 1898.
Total: 1.407600 ms (FindLiveObjects: 0.197500 ms CreateObjectMapping: 0.037900 ms MarkObjects: 1.116500 ms  DeleteObjects: 0.054700 ms)

========================================================================
Received Prepare
Registering precompiled user dll's ...
Registered in 0.005623 seconds.
Begin MonoManager ReloadAssembly
Native extension for WindowsStandalone target not found
Refreshing native plugins compatible for Editor in 0.40 ms, found 5 plugins.
Preloading 0 native plugins for Editor in 0.00 ms.
Mono: successfully reloaded assembly
- Completed reload, in  0.672 seconds
Platform modules already initialized, skipping
Refreshing native plugins compatible for Editor in 0.40 ms, found 5 plugins.
Preloading 0 native plugins for Editor in 0.00 ms.
Unloading 1409 Unused Serialized files (Serialized files now loaded: 0)
System memory in use before: 70.8 MB.
System memory in use after: 70.8 MB.

Unloading 28 unused Assets to reduce memory usage. Loaded Objects now: 1901.
Total: 1.580000 ms (FindLiveObjects: 0.172000 ms CreateObjectMapping: 0.057200 ms MarkObjects: 1.294500 ms  DeleteObjects: 0.055300 ms)

========================================================================
Received Import Request.
  Time since last request: 182.513366 seconds.
  path: Assets/Scripts/FixUranus.cs
  artifactKey: Guid(ef1c96ae3fdd9d94cba054d3e3b0d9fd) Importer(815301076,1909f56bfc062723c751e8b465ee728b)
Start importing Assets/Scripts/FixUranus.cs using Guid(ef1c96ae3fdd9d94cba054d3e3b0d9fd) Importer(815301076,1909f56bfc062723c751e8b465ee728b)  -> (artifact id: '7f60f511aef0807efec2d684bd45544f') in 0.007102 seconds
  Import took 0.014185 seconds .

========================================================================
Received Import Request.
  Time since last request: 0.447231 seconds.
  path: Assets/Scripts/FixVenus.cs
  artifactKey: Guid(ab8e304fc08339b4e85c67db02c5c9fb) Importer(815301076,1909f56bfc062723c751e8b465ee728b)
Start importing Assets/Scripts/FixVenus.cs using Guid(ab8e304fc08339b4e85c67db02c5c9fb) Importer(815301076,1909f56bfc062723c751e8b465ee728b)  -> (artifact id: '9593187d7b7af1434e75ab227390da36') in 0.002318 seconds
  Import took 0.009293 seconds .

========================================================================
Received Prepare
Registering precompiled user dll's ...
Registered in 0.005677 seconds.
Begin MonoManager ReloadAssembly
Native extension for WindowsStandalone target not found
Refreshing native plugins compatible for Editor in 0.39 ms, found 5 plugins.
Preloading 0 native plugins for Editor in 0.00 ms.
Mono: successfully reloaded assembly
- Completed reload, in  0.695 seconds
Platform modules already initialized, skipping
Refreshing native plugins compatible for Editor in 0.38 ms, found 5 plugins.
Preloading 0 native plugins for Editor in 0.00 ms.
Unloading 1409 Unused Serialized files (Serialized files now loaded: 0)
System memory in use before: 70.8 MB.
System memory in use after: 70.8 MB.

Unloading 28 unused Assets to reduce memory usage. Loaded Objects now: 1904.
Total: 1.649100 ms (FindLiveObjects: 0.192200 ms CreateObjectMapping: 0.051700 ms MarkObjects: 1.351500 ms  DeleteObjects: 0.052800 ms)

========================================================================
Received Prepare
Registering precompiled user dll's ...
Registered in 0.005353 seconds.
Begin MonoManager ReloadAssembly
Native extension for WindowsStandalone target not found
Refreshing native plugins compatible for Editor in 0.39 ms, found 5 plugins.
Preloading 0 native plugins for Editor in 0.00 ms.
Mono: successfully reloaded assembly
- Completed reload, in  0.668 seconds
Platform modules already initialized, skipping
Refreshing native plugins compatible for Editor in 0.40 ms, found 5 plugins.
Preloading 0 native plugins for Editor in 0.00 ms.
Unloading 1409 Unused Serialized files (Serialized files now loaded: 0)
System memory in use before: 70.8 MB.
System memory in use after: 70.9 MB.

Unloading 28 unused Assets to reduce memory usage. Loaded Objects now: 1907.
Total: 1.884500 ms (FindLiveObjects: 0.252100 ms CreateObjectMapping: 0.100900 ms MarkObjects: 1.467600 ms  DeleteObjects: 0.063100 ms)

========================================================================
Received Import Request.
  Time since last request: 114.783799 seconds.
  path: Assets/Scripts/CorrectAnswer.cs
  artifactKey: Guid(c60df22f8a9f9cc4bb5abc19c7aea4ca) Importer(815301076,1909f56bfc062723c751e8b465ee728b)
Start importing Assets/Scripts/CorrectAnswer.cs using Guid(c60df22f8a9f9cc4bb5abc19c7aea4ca) Importer(815301076,1909f56bfc062723c751e8b465ee728b)  -> (artifact id: '86bf3edf998159159a0dacd6f5df212d') in 0.004013 seconds
  Import took 0.010172 seconds .

========================================================================
Received Prepare
Registering precompiled user dll's ...
Registered in 0.006869 seconds.
Begin MonoManager ReloadAssembly
Native extension for WindowsStandalone target not found
Refreshing native plugins compatible for Editor in 0.39 ms, found 5 plugins.
Preloading 0 native plugins for Editor in 0.00 ms.
Mono: successfully reloaded assembly
- Completed reload, in  0.691 seconds
Platform modules already initialized, skipping
Refreshing native plugins compatible for Editor in 0.39 ms, found 5 plugins.
Preloading 0 native plugins for Editor in 0.00 ms.
Unloading 1409 Unused Serialized files (Serialized files now loaded: 0)
System memory in use before: 70.8 MB.
System memory in use after: 70.9 MB.

Unloading 28 unused Assets to reduce memory usage. Loaded Objects now: 1910.
Total: 1.448300 ms (FindLiveObjects: 0.147600 ms CreateObjectMapping: 0.042600 ms MarkObjects: 1.205200 ms  DeleteObjects: 0.051700 ms)

========================================================================
Received Prepare
Registering precompiled user dll's ...
Registered in 0.006915 seconds.
Begin MonoManager ReloadAssembly
Native extension for WindowsStandalone target not found
Refreshing native plugins compatible for Editor in 0.42 ms, found 5 plugins.
Preloading 0 native plugins for Editor in 0.00 ms.
Mono: successfully reloaded assembly
- Completed reload, in  0.730 seconds
Platform modules already initialized, skipping
Refreshing native plugins compatible for Editor in 0.40 ms, found 5 plugins.
Preloading 0 native plugins for Editor in 0.00 ms.
Unloading 1409 Unused Serialized files (Serialized files now loaded: 0)
System memory in use before: 70.8 MB.
System memory in use after: 70.9 MB.

Unloading 28 unused Assets to reduce memory usage. Loaded Objects now: 1913.
Total: 1.558100 ms (FindLiveObjects: 0.172200 ms CreateObjectMapping: 0.047600 ms MarkObjects: 1.276600 ms  DeleteObjects: 0.060400 ms)

========================================================================
Received Prepare
Registering precompiled user dll's ...
Registered in 0.005786 seconds.
Begin MonoManager ReloadAssembly
Native extension for WindowsStandalone target not found
Refreshing native plugins compatible for Editor in 0.40 ms, found 5 plugins.
Preloading 0 native plugins for Editor in 0.00 ms.
Mono: successfully reloaded assembly
- Completed reload, in  0.678 seconds
Platform modules already initialized, skipping
Refreshing native plugins compatible for Editor in 0.39 ms, found 5 plugins.
Preloading 0 native plugins for Editor in 0.00 ms.
Unloading 1409 Unused Serialized files (Serialized files now loaded: 0)
System memory in use before: 70.8 MB.
System memory in use after: 70.9 MB.

Unloading 28 unused Assets to reduce memory usage. Loaded Objects now: 1916.
Total: 1.501400 ms (FindLiveObjects: 0.129200 ms CreateObjectMapping: 0.039900 ms MarkObjects: 1.281800 ms  DeleteObjects: 0.049700 ms)

========================================================================
Received Prepare
Registering precompiled user dll's ...
Registered in 0.005672 seconds.
Begin MonoManager ReloadAssembly
Native extension for WindowsStandalone target not found
Refreshing native plugins compatible for Editor in 0.39 ms, found 5 plugins.
Preloading 0 native plugins for Editor in 0.00 ms.
Mono: successfully reloaded assembly
- Completed reload, in  0.669 seconds
Platform modules already initialized, skipping
Refreshing native plugins compatible for Editor in 0.39 ms, found 5 plugins.
Preloading 0 native plugins for Editor in 0.00 ms.
Unloading 1409 Unused Serialized files (Serialized files now loaded: 0)
System memory in use before: 70.8 MB.
System memory in use after: 70.9 MB.

Unloading 28 unused Assets to reduce memory usage. Loaded Objects now: 1919.
Total: 1.337600 ms (FindLiveObjects: 0.131100 ms CreateObjectMapping: 0.037900 ms MarkObjects: 1.117300 ms  DeleteObjects: 0.050400 ms)

AssetImportWorkerClient::OnTransportError - code=2 error=End of file
