Using pre-set license
Built from '2020.3/release' branch; Version is '2020.3.7f1 (dd97f2c94397) revision 14522354'; Using compiler version '192528614'; Build Type 'Release'
OS: 'Windows 10 Pro; OS build 19043.1165; Version 2009; 64bit' Language: 'ko' Physical Memory: 16322 MB
BatchMode: 1, IsHumanControllingUs: 0, StartBugReporterOnCrash: 0, Is64bit: 1, IsPro: 0

 COMMAND LINE ARGUMENTS:
C:\Program Files\2020.3.7f1\Editor\Unity.exe
-adb2
-batchMode
-noUpm
-name
AssetImportWorker0
-projectPath
C:/Users/hyejoon/OneDrive/바탕 화면/SolarSystem/SolarSystem
-logFile
Logs/AssetImportWorker0.log
-srvPort
49995
Successfully changed project path to: C:/Users/hyejoon/OneDrive/바탕 화면/SolarSystem/SolarSystem
C:/Users/hyejoon/OneDrive/바탕 화면/SolarSystem/SolarSystem
Using Asset Import Pipeline V2.
Refreshing native plugins compatible for Editor in 17.40 ms, found 0 plugins.
Preloading 0 native plugins for Editor in 0.00 ms.
Initialize engine version: 2020.3.7f1 (dd97f2c94397)
[Subsystems] Discovering subsystems at path C:/Program Files/2020.3.7f1/Editor/Data/Resources/UnitySubsystems
[Subsystems] Discovering subsystems at path C:/Users/hyejoon/OneDrive/바탕 화면/SolarSystem/SolarSystem/Assets
GfxDevice: creating device client; threaded=0
Direct3D:
    Version:  Direct3D 11.0 [level 11.1]
    Renderer: NVIDIA GeForce GTX 1660 SUPER (ID=0x21c4)
    Vendor:   
    VRAM:     5991 MB
    Driver:   27.21.14.5671
Initialize mono
Mono path[0] = 'C:/Program Files/2020.3.7f1/Editor/Data/Managed'
Mono path[1] = 'C:/Program Files/2020.3.7f1/Editor/Data/MonoBleedingEdge/lib/mono/unityjit'
Mono config path = 'C:/Program Files/2020.3.7f1/Editor/Data/MonoBleedingEdge/etc'
Using monoOptions --debugger-agent=transport=dt_socket,embedding=1,server=y,suspend=n,address=127.0.0.1:56888
Begin MonoManager ReloadAssembly
Registering precompiled unity dll's ...
Register platform support module: C:/Program Files/2020.3.7f1/Editor/Data/PlaybackEngines/WindowsStandaloneSupport/UnityEditor.WindowsStandalone.Extensions.dll
Registered in 0.001766 seconds.
Native extension for WindowsStandalone target not found
Refreshing native plugins compatible for Editor in 17.04 ms, found 0 plugins.
Preloading 0 native plugins for Editor in 0.00 ms.
Mono: successfully reloaded assembly
- Completed reload, in  1.311 seconds
Platform modules already initialized, skipping
Registering precompiled user dll's ...
Registered in 0.000586 seconds.
Begin MonoManager ReloadAssembly
Native extension for WindowsStandalone target not found
Refreshing native plugins compatible for Editor in 0.17 ms, found 0 plugins.
Preloading 0 native plugins for Editor in 0.00 ms.
Mono: successfully reloaded assembly
- Completed reload, in  0.602 seconds
Platform modules already initialized, skipping
========================================================================
Worker process is ready to serve import requests
Launched and connected shader compiler UnityShaderCompiler.exe after 0.03 seconds
Refreshing native plugins compatible for Editor in 0.19 ms, found 0 plugins.
Preloading 0 native plugins for Editor in 0.00 ms.
Unloading 1117 Unused Serialized files (Serialized files now loaded: 0)
System memory in use before: 57.9 MB.
System memory in use after: 58.0 MB.

Unloading 9 unused Assets to reduce memory usage. Loaded Objects now: 1566.
Total: 1.465700 ms (FindLiveObjects: 0.101000 ms CreateObjectMapping: 0.026700 ms MarkObjects: 1.296400 ms  DeleteObjects: 0.041100 ms)

========================================================================
Received Import Request.
  path: Assets
  artifactKey: Guid(00000000000000001000000000000000) Importer(815301076,1909f56bfc062723c751e8b465ee728b)
Start importing Assets using Guid(00000000000000001000000000000000) Importer(815301076,1909f56bfc062723c751e8b465ee728b)  -> (artifact id: '5f6a1853b736837ecfb0820a881449cb') in 0.007552 seconds
  Import took 0.009528 seconds .

========================================================================
Received Import Request.
  Time since last request: 32.107375 seconds.
  path: Assets/Prefabs
  artifactKey: Guid(c72a5c9d7a0731c40909f49dc4c06cb9) Importer(815301076,1909f56bfc062723c751e8b465ee728b)
Start importing Assets/Prefabs using Guid(c72a5c9d7a0731c40909f49dc4c06cb9) Importer(815301076,1909f56bfc062723c751e8b465ee728b)  -> (artifact id: '5d194189c99b12378d800f7fe64505ba') in 0.006014 seconds
  Import took 0.007544 seconds .

========================================================================
Received Import Request.
  Time since last request: 10.161571 seconds.
  path: Assets/Editor
  artifactKey: Guid(160ecc1698983234fb1a67b7c79b2ae3) Importer(815301076,1909f56bfc062723c751e8b465ee728b)
Start importing Assets/Editor using Guid(160ecc1698983234fb1a67b7c79b2ae3) Importer(815301076,1909f56bfc062723c751e8b465ee728b)  -> (artifact id: 'eb4f85bf5853db6292838950d704522b') in 0.006019 seconds
  Import took 0.007763 seconds .

========================================================================
Received Import Request.
  Time since last request: 0.554962 seconds.
  path: Assets/images
  artifactKey: Guid(f885c7765810c9449a765ec5b7a6a15f) Importer(815301076,1909f56bfc062723c751e8b465ee728b)
Start importing Assets/images using Guid(f885c7765810c9449a765ec5b7a6a15f) Importer(815301076,1909f56bfc062723c751e8b465ee728b)  -> (artifact id: 'a5b414455a36e6399ca7496fdbc3efb1') in 0.004907 seconds
  Import took 0.006696 seconds .

========================================================================
Received Prepare
Registering precompiled user dll's ...
Registered in 0.000593 seconds.
Begin MonoManager ReloadAssembly
Native extension for WindowsStandalone target not found
Refreshing native plugins compatible for Editor in 0.18 ms, found 0 plugins.
Preloading 0 native plugins for Editor in 0.00 ms.
Mono: successfully reloaded assembly
- Completed reload, in  0.589 seconds
Platform modules already initialized, skipping
Switching build target platform(5) subTarget(0) extendedPlatform(0) -> platform(13) subTarget(524288) extendedPlatform(0)
Refreshing native plugins compatible for Editor in 0.17 ms, found 0 plugins.
Preloading 0 native plugins for Editor in 0.00 ms.
Unloading 1114 Unused Serialized files (Serialized files now loaded: 0)
System memory in use before: 57.8 MB.
System memory in use after: 57.9 MB.

Unloading 4 unused Assets to reduce memory usage. Loaded Objects now: 1569.
Total: 1.291700 ms (FindLiveObjects: 0.103200 ms CreateObjectMapping: 0.027400 ms MarkObjects: 1.151200 ms  DeleteObjects: 0.009200 ms)

AssetImportParameters requested are different than current active one (requested -> active):
  custom:graphics/normal-map-encoding: 01000000000000000000000000000000 -> 02000000000000000000000000000000
========================================================================
Received Import Request.
  Time since last request: 92.834716 seconds.
  path: Assets/Prefabs/Revolution.prefab
  artifactKey: Guid(47e5cf13ffd90ee4fa9dcd98aaa2bef8) Importer(815301076,1909f56bfc062723c751e8b465ee728b)
Start importing Assets/Prefabs/Revolution.prefab using Guid(47e5cf13ffd90ee4fa9dcd98aaa2bef8) Importer(815301076,1909f56bfc062723c751e8b465ee728b)  -> (artifact id: '03706585d5c8fcf887afe32885138b9d') in 0.353640 seconds
  Import took 0.355455 seconds .

========================================================================
Received Import Request.
  Time since last request: 88.516063 seconds.
  path: Assets/images/SWU_Solar/Materials/2k_sun.mat
  artifactKey: Guid(768fbee9aeced014cbc25a23a0c4eff2) Importer(815301076,1909f56bfc062723c751e8b465ee728b)
Start importing Assets/images/SWU_Solar/Materials/2k_sun.mat using Guid(768fbee9aeced014cbc25a23a0c4eff2) Importer(815301076,1909f56bfc062723c751e8b465ee728b)  -> (artifact id: '0dab64a0f5f236b2d84c3f31dd853f1b') in 0.051105 seconds
  Import took 0.052667 seconds .

========================================================================
Received Import Request.
  Time since last request: 0.045503 seconds.
  path: Assets/images/SWU_Solar/earth_clouds.jpg
  artifactKey: Guid(699ef346ba1c13f419bb9e8b615bd28f) Importer(815301076,1909f56bfc062723c751e8b465ee728b)
Start importing Assets/images/SWU_Solar/earth_clouds.jpg using Guid(699ef346ba1c13f419bb9e8b615bd28f) Importer(815301076,1909f56bfc062723c751e8b465ee728b)  -> (artifact id: 'fdc40c383fff3ff1b9d4c6a7dbdd1c3a') in 0.075260 seconds
  Import took 0.077093 seconds .

========================================================================
Received Import Request.
  Time since last request: 0.024759 seconds.
  path: Assets/images/SWU_Solar/earth_daymap.jpg
  artifactKey: Guid(587a2768eb6a43541b003d22727ef0fd) Importer(815301076,1909f56bfc062723c751e8b465ee728b)
Start importing Assets/images/SWU_Solar/earth_daymap.jpg using Guid(587a2768eb6a43541b003d22727ef0fd) Importer(815301076,1909f56bfc062723c751e8b465ee728b)  -> (artifact id: 'f7b64aa486baaf242324fd713e596864') in 0.026625 seconds
  Import took 0.028171 seconds .

========================================================================
Received Import Request.
  Time since last request: 0.006403 seconds.
  path: Assets/Scenes
  artifactKey: Guid(e3086d131c3ccef4e8cd4f92f356cf55) Importer(815301076,1909f56bfc062723c751e8b465ee728b)
Start importing Assets/Scenes using Guid(e3086d131c3ccef4e8cd4f92f356cf55) Importer(815301076,1909f56bfc062723c751e8b465ee728b)  -> (artifact id: 'e017977d84a6cf867fff6fb2177abd6c') in 0.003786 seconds
  Import took 0.005201 seconds .

========================================================================
Received Import Request.
  Time since last request: 0.006643 seconds.
  path: Assets/Resources/VuforiaConfiguration.asset
  artifactKey: Guid(906dc567a81f4584cb30097bfb7cff20) Importer(815301076,1909f56bfc062723c751e8b465ee728b)
Start importing Assets/Resources/VuforiaConfiguration.asset using Guid(906dc567a81f4584cb30097bfb7cff20) Importer(815301076,1909f56bfc062723c751e8b465ee728b)  -> (artifact id: '676e66af2bfc6d766244ba4d629b8cde') in 0.006333 seconds
  Import took 0.007787 seconds .

========================================================================
Received Import Request.
  Time since last request: 0.013413 seconds.
  path: Assets/images/SWU_Solar/2k_sun.jpg
  artifactKey: Guid(f43c5f541a6d1a24da07f0bb59e14ee4) Importer(815301076,1909f56bfc062723c751e8b465ee728b)
Start importing Assets/images/SWU_Solar/2k_sun.jpg using Guid(f43c5f541a6d1a24da07f0bb59e14ee4) Importer(815301076,1909f56bfc062723c751e8b465ee728b)  -> (artifact id: '708dbfd98e129b0341528d0f030188fc') in 0.026871 seconds
  Import took 0.028676 seconds .

========================================================================
Received Import Request.
  Time since last request: 0.006316 seconds.
  path: Assets/images/SWU_Solar
  artifactKey: Guid(a263dc35d97ded94686de7cc91ebe93f) Importer(815301076,1909f56bfc062723c751e8b465ee728b)
Start importing Assets/images/SWU_Solar using Guid(a263dc35d97ded94686de7cc91ebe93f) Importer(815301076,1909f56bfc062723c751e8b465ee728b)  -> (artifact id: '7475af60eef64332df37a46699d244c5') in 0.003879 seconds
  Import took 0.005303 seconds .

========================================================================
Received Import Request.
  Time since last request: 0.030939 seconds.
  path: Assets/images/SWU_Solar/earth_normal_map.tiff
  artifactKey: Guid(eb21671eb095f8b43a8c0c090b8a0db0) Importer(815301076,1909f56bfc062723c751e8b465ee728b)
Start importing Assets/images/SWU_Solar/earth_normal_map.tiff using Guid(eb21671eb095f8b43a8c0c090b8a0db0) Importer(815301076,1909f56bfc062723c751e8b465ee728b)  -> (artifact id: '29cb9ad6e63d53b9bba23bbc57357d17') in 0.031965 seconds
  Import took 0.033530 seconds .

========================================================================
Received Import Request.
  Time since last request: 0.006076 seconds.
  path: Assets/Resources
  artifactKey: Guid(906a8fe5faeb4ca418ffa0247926f944) Importer(815301076,1909f56bfc062723c751e8b465ee728b)
Start importing Assets/Resources using Guid(906a8fe5faeb4ca418ffa0247926f944) Importer(815301076,1909f56bfc062723c751e8b465ee728b)  -> (artifact id: '79b60cb27539c754e9f7a3131765ed44') in 0.003661 seconds
  Import took 0.005033 seconds .

========================================================================
Received Import Request.
  Time since last request: 0.009783 seconds.
  path: Assets/images/SWU_Solar/Materials
  artifactKey: Guid(c397fee869c6fe94bb4562cce954519a) Importer(815301076,1909f56bfc062723c751e8b465ee728b)
Start importing Assets/images/SWU_Solar/Materials using Guid(c397fee869c6fe94bb4562cce954519a) Importer(815301076,1909f56bfc062723c751e8b465ee728b)  -> (artifact id: '8608cc5475c1ff241ea83b6fac670753') in 0.003642 seconds
  Import took 0.005070 seconds .

========================================================================
Received Import Request.
  Time since last request: 0.011620 seconds.
  path: Assets/Scripts
  artifactKey: Guid(0ce5e92e5a5dd37408a88097bfd3a120) Importer(815301076,1909f56bfc062723c751e8b465ee728b)
Start importing Assets/Scripts using Guid(0ce5e92e5a5dd37408a88097bfd3a120) Importer(815301076,1909f56bfc062723c751e8b465ee728b)  -> (artifact id: '8e04afe84a2755873a2c9b14c9435bdc') in 0.003714 seconds
  Import took 0.005127 seconds .

========================================================================
Received Import Request.
  Time since last request: 0.015894 seconds.
  path: Assets/images/SWU_Solar/earth_specular_map.tiff
  artifactKey: Guid(7870d7b258fcc8748b5b60456fcf7c5e) Importer(815301076,1909f56bfc062723c751e8b465ee728b)
Start importing Assets/images/SWU_Solar/earth_specular_map.tiff using Guid(7870d7b258fcc8748b5b60456fcf7c5e) Importer(815301076,1909f56bfc062723c751e8b465ee728b)  -> (artifact id: 'd7b7db3cb0351097eb41c35c79696140') in 0.029864 seconds
  Import took 0.031808 seconds .

========================================================================
Received Import Request.
  Time since last request: 0.006966 seconds.
  path: Assets/Scenes/Scene1_Basic.unity
  artifactKey: Guid(9fc0d4010bbf28b4594072e72b8655ab) Importer(815301076,1909f56bfc062723c751e8b465ee728b)
Start importing Assets/Scenes/Scene1_Basic.unity using Guid(9fc0d4010bbf28b4594072e72b8655ab) Importer(815301076,1909f56bfc062723c751e8b465ee728b)  -> (artifact id: '47c75538e3b9d89afcc39b6dd5438177') in 0.004386 seconds
  Import took 0.005906 seconds .

========================================================================
Received Import Request.
  Time since last request: 0.007287 seconds.
  path: Assets/images/SWU_Solar/Materials/earth_daymap.mat
  artifactKey: Guid(186721954572efb4b93cefc90a69bb96) Importer(815301076,1909f56bfc062723c751e8b465ee728b)
Start importing Assets/images/SWU_Solar/Materials/earth_daymap.mat using Guid(186721954572efb4b93cefc90a69bb96) Importer(815301076,1909f56bfc062723c751e8b465ee728b)  -> (artifact id: 'c6576f2fd034fb46535acc5a41eca2dd') in 0.068999 seconds
  Import took 0.070624 seconds .

========================================================================
Received Prepare
Registering precompiled user dll's ...
Registered in 0.000554 seconds.
Begin MonoManager ReloadAssembly
Native extension for WindowsStandalone target not found
Refreshing native plugins compatible for Editor in 0.18 ms, found 0 plugins.
Preloading 0 native plugins for Editor in 0.00 ms.
Mono: successfully reloaded assembly
- Completed reload, in  0.598 seconds
Platform modules already initialized, skipping
Switching build target platform(5) subTarget(0) extendedPlatform(0) -> platform(13) subTarget(524288) extendedPlatform(0)
Refreshing native plugins compatible for Editor in 0.17 ms, found 0 plugins.
Preloading 0 native plugins for Editor in 0.00 ms.
Unloading 1114 Unused Serialized files (Serialized files now loaded: 0)
System memory in use before: 61.3 MB.
System memory in use after: 61.3 MB.

Unloading 4 unused Assets to reduce memory usage. Loaded Objects now: 1615.
Total: 1.171800 ms (FindLiveObjects: 0.150000 ms CreateObjectMapping: 0.037900 ms MarkObjects: 0.974100 ms  DeleteObjects: 0.009000 ms)

AssetImportParameters requested are different than current active one (requested -> active):
  custom:graphics/normal-map-encoding: 01000000000000000000000000000000 -> 02000000000000000000000000000000
AssetImportWorkerClient::OnTransportError - code=2 error=End of file
