Using pre-set license

 COMMAND LINE ARGUMENTS:
/Applications/Unity/Hub/Editor/2020.3.7f1/Unity.app/Contents/MacOS/Unity
-adb2
-batchMode
-noUpm
-name
AssetImportWorker0
-projectPath
/Users/sim-woojeong/DropAlcohol
-logFile
Logs/AssetImportWorker0.log
-srvPort
56570
Successfully changed project path to: /Users/sim-woojeong/DropAlcohol
/Users/sim-woojeong/DropAlcohol
Using Asset Import Pipeline V2.
Refreshing native plugins compatible for Editor in 24.40 ms, found 1 plugins.
Preloading 0 native plugins for Editor in 0.00 ms.
Initialize engine version: 2020.3.7f1 (dd97f2c94397)
[Subsystems] Discovering subsystems at path /Applications/Unity/Hub/Editor/2020.3.7f1/Unity.app/Contents/Resources/UnitySubsystems
[Subsystems] Discovering subsystems at path /Users/sim-woojeong/DropAlcohol/Assets
GfxDevice: creating device client; threaded=0
2021-05-20 22:59:54.680 Unity[17341:5075823] Color LCD preferred device: AMD Radeon Pro 5300M (high power)
2021-05-20 22:59:54.680 Unity[17341:5075823] Metal devices available: 2
2021-05-20 22:59:54.680 Unity[17341:5075823] 0: AMD Radeon Pro 5300M (high power)
2021-05-20 22:59:54.680 Unity[17341:5075823] 1: Intel(R) UHD Graphics 630 (low power)
2021-05-20 22:59:54.680 Unity[17341:5075823] Using device AMD Radeon Pro 5300M (high power)
Initializing Metal device caps: AMD Radeon Pro 5300M
Initialize mono
Mono path[0] = '/Applications/Unity/Hub/Editor/2020.3.7f1/Unity.app/Contents/Managed'
Mono path[1] = '/Applications/Unity/Hub/Editor/2020.3.7f1/Unity.app/Contents/MonoBleedingEdge/lib/mono/unityjit'
Mono config path = '/Applications/Unity/Hub/Editor/2020.3.7f1/Unity.app/Contents/MonoBleedingEdge/etc'
Using monoOptions --debugger-agent=transport=dt_socket,embedding=1,server=y,suspend=n,address=127.0.0.1:56341
Begin MonoManager ReloadAssembly
Registering precompiled unity dll's ...
Register platform support module: /Applications/Unity/Hub/Editor/2020.3.7f1/Unity.app/Contents/PlaybackEngines/MacStandaloneSupport/UnityEditor.OSXStandalone.Extensions.dll
Register platform support module: /Applications/Unity/Hub/Editor/2020.3.7f1/PlaybackEngines/WindowsStandaloneSupport/UnityEditor.WindowsStandalone.Extensions.dll
Registered in 0.000579 seconds.
Native extension for WindowsStandalone target not found
Native extension for OSXStandalone target not found
Refreshing native plugins compatible for Editor in 21.43 ms, found 1 plugins.
Preloading 0 native plugins for Editor in 0.00 ms.
Mono: successfully reloaded assembly
- Completed reload, in  2.513 seconds
Platform modules already initialized, skipping
Registering precompiled user dll's ...
Registered in 0.000278 seconds.
Begin MonoManager ReloadAssembly
Native extension for WindowsStandalone target not found
Native extension for OSXStandalone target not found
Refreshing native plugins compatible for Editor in 0.19 ms, found 1 plugins.
Preloading 0 native plugins for Editor in 0.00 ms.
Mono: successfully reloaded assembly
- Completed reload, in  0.881 seconds
Platform modules already initialized, skipping
========================================================================
Worker process is ready to serve import requests
Launching external process: /Applications/Unity/Hub/Editor/2020.3.7f1/Unity.app/Contents/Tools/UnityShaderCompiler
Launched and connected shader compiler UnityShaderCompiler after 0.01 seconds
Refreshing native plugins compatible for Editor in 0.20 ms, found 1 plugins.
Preloading 0 native plugins for Editor in 0.00 ms.
Unloading 1165 Unused Serialized files (Serialized files now loaded: 0)
System memory in use before: 132.8 MB.
System memory in use after: 132.9 MB.

Unloading 9 unused Assets to reduce memory usage. Loaded Objects now: 1626.
Total: 2.160272 ms (FindLiveObjects: 0.207238 ms CreateObjectMapping: 0.062287 ms MarkObjects: 1.809421 ms  DeleteObjects: 0.080028 ms)

========================================================================
Received Import Request.
  path: Assets/Lean/Touch/Examples/Scripts/LeanSpawn.cs
  artifactKey: Guid(3bb775feca211c748b48cd3f9b59a4cf) Importer(815301076,1909f56bfc062723c751e8b465ee728b)
Start importing Assets/Lean/Touch/Examples/Scripts/LeanSpawn.cs using Guid(3bb775feca211c748b48cd3f9b59a4cf) Importer(815301076,1909f56bfc062723c751e8b465ee728b)  -> (artifact id: '686ae3de03d170e9079f9038ca084c98') in 0.672683 seconds
  Import took 0.674924 seconds .

========================================================================
Received Import Request.
  Time since last request: 0.001500 seconds.
  path: Assets/Lean/Touch/Extras/LeanSelectableSpriteRendererColor.cs
  artifactKey: Guid(a45146ec471801c4dbce44f8dd62608f) Importer(815301076,1909f56bfc062723c751e8b465ee728b)
Start importing Assets/Lean/Touch/Extras/LeanSelectableSpriteRendererColor.cs using Guid(a45146ec471801c4dbce44f8dd62608f) Importer(815301076,1909f56bfc062723c751e8b465ee728b)  -> (artifact id: 'adb2389fe092a226b7b8d7fb04f8672a') in 0.001231 seconds
  Import took 0.002686 seconds .

========================================================================
Received Import Request.
  Time since last request: 0.002168 seconds.
  path: Assets/Lean/Touch/Extras/LeanScreenDepth.cs
  artifactKey: Guid(4b2ff10facb46e046abcee4e29a6c13f) Importer(815301076,1909f56bfc062723c751e8b465ee728b)
Start importing Assets/Lean/Touch/Extras/LeanScreenDepth.cs using Guid(4b2ff10facb46e046abcee4e29a6c13f) Importer(815301076,1909f56bfc062723c751e8b465ee728b)  -> (artifact id: 'fbed0d8521c2ac61ddfb7d7f47a4bbdc') in 0.001365 seconds
  Import took 0.003105 seconds .

========================================================================
Received Import Request.
  Time since last request: 0.001937 seconds.
  path: Assets/Lean/Touch/Extras/LeanFingerData.cs
  artifactKey: Guid(ccb7719577ee2df4f9d57e4689532994) Importer(815301076,1909f56bfc062723c751e8b465ee728b)
Start importing Assets/Lean/Touch/Extras/LeanFingerData.cs using Guid(ccb7719577ee2df4f9d57e4689532994) Importer(815301076,1909f56bfc062723c751e8b465ee728b)  -> (artifact id: '5d7de027b524d89639388de5073dbdfa') in 0.001264 seconds
  Import took 0.002914 seconds .

========================================================================
Received Import Request.
  Time since last request: 0.001430 seconds.
  path: Assets/Lean/Touch/Examples/Scripts/LeanDestroy.cs
  artifactKey: Guid(683e90f239f8a2b42b3533e9316fd5f3) Importer(815301076,1909f56bfc062723c751e8b465ee728b)
Start importing Assets/Lean/Touch/Examples/Scripts/LeanDestroy.cs using Guid(683e90f239f8a2b42b3533e9316fd5f3) Importer(815301076,1909f56bfc062723c751e8b465ee728b)  -> (artifact id: '9c13383597e729a5cde26cc4dbf17bd9') in 0.001125 seconds
  Import took 0.002634 seconds .

========================================================================
Received Import Request.
  Time since last request: 0.001368 seconds.
  path: Assets/Lean/Touch/Scripts/LeanSnapshot.cs
  artifactKey: Guid(fef9e03c4eb1f4f44894223de421c1b3) Importer(815301076,1909f56bfc062723c751e8b465ee728b)
Start importing Assets/Lean/Touch/Scripts/LeanSnapshot.cs using Guid(fef9e03c4eb1f4f44894223de421c1b3) Importer(815301076,1909f56bfc062723c751e8b465ee728b)  -> (artifact id: 'aac1ed4afb9c01e6233ea2b342048640') in 0.001176 seconds
  Import took 0.002783 seconds .

========================================================================
Received Import Request.
  Time since last request: 0.001528 seconds.
  path: Assets/Lean/Touch/Examples/Scripts/LeanPulseScale.cs
  artifactKey: Guid(d2cf6a4604a9b1c488ead15354d556b3) Importer(815301076,1909f56bfc062723c751e8b465ee728b)
Start importing Assets/Lean/Touch/Examples/Scripts/LeanPulseScale.cs using Guid(d2cf6a4604a9b1c488ead15354d556b3) Importer(815301076,1909f56bfc062723c751e8b465ee728b)  -> (artifact id: 'b89b322b7e1be7bba118811a56f92934') in 0.001461 seconds
  Import took 0.003318 seconds .

========================================================================
Received Import Request.
  Time since last request: 0.001697 seconds.
  path: Assets/Lean/Touch/Extras/LeanSelectable.cs
  artifactKey: Guid(83dcd8dace8b7fe449d796b980cb121d) Importer(815301076,1909f56bfc062723c751e8b465ee728b)
Start importing Assets/Lean/Touch/Extras/LeanSelectable.cs using Guid(83dcd8dace8b7fe449d796b980cb121d) Importer(815301076,1909f56bfc062723c751e8b465ee728b)  -> (artifact id: 'bc5758ec5f0f74adf9999bd6f467c942') in 0.001763 seconds
  Import took 0.003948 seconds .

========================================================================
Received Import Request.
  Time since last request: 0.001743 seconds.
  path: Assets/Lean/Touch/Extras/LeanFingerDown.cs
  artifactKey: Guid(bbb097c07812299498915a0a3e793843) Importer(815301076,1909f56bfc062723c751e8b465ee728b)
Start importing Assets/Lean/Touch/Extras/LeanFingerDown.cs using Guid(bbb097c07812299498915a0a3e793843) Importer(815301076,1909f56bfc062723c751e8b465ee728b)  -> (artifact id: '7edf71bf8a2c0c371c87b257273f7c8c') in 0.001339 seconds
  Import took 0.003028 seconds .

========================================================================
Received Import Request.
  Time since last request: 0.004436 seconds.
  path: Assets/Lean/Touch/Extras/LeanFingerUp.cs
  artifactKey: Guid(571b065edc65a4f41b4ea02b27b6113a) Importer(815301076,1909f56bfc062723c751e8b465ee728b)
Start importing Assets/Lean/Touch/Extras/LeanFingerUp.cs using Guid(571b065edc65a4f41b4ea02b27b6113a) Importer(815301076,1909f56bfc062723c751e8b465ee728b)  -> (artifact id: 'f2646c1201abbb34814bb2b058482c70') in 0.001367 seconds
  Import took 0.003157 seconds .

========================================================================
Received Import Request.
  Time since last request: 0.001361 seconds.
  path: Assets/Lean/Touch/Examples/Scripts/LeanInfoText.cs
  artifactKey: Guid(b7efa857135ee3242bb57cd8a91087c8) Importer(815301076,1909f56bfc062723c751e8b465ee728b)
Start importing Assets/Lean/Touch/Examples/Scripts/LeanInfoText.cs using Guid(b7efa857135ee3242bb57cd8a91087c8) Importer(815301076,1909f56bfc062723c751e8b465ee728b)  -> (artifact id: 'dead93e0cc5e751c203c7eb7c2b202c3') in 0.001405 seconds
  Import took 0.003063 seconds .

========================================================================
Received Import Request.
  Time since last request: 0.002731 seconds.
  path: Assets/Lean/Touch/Extras/LeanPlane.cs
  artifactKey: Guid(e167f5141e8fbbb429990fdd6dca01c5) Importer(815301076,1909f56bfc062723c751e8b465ee728b)
Start importing Assets/Lean/Touch/Extras/LeanPlane.cs using Guid(e167f5141e8fbbb429990fdd6dca01c5) Importer(815301076,1909f56bfc062723c751e8b465ee728b)  -> (artifact id: 'fc46d07f541e215ec7428f832f0f55bb') in 0.001690 seconds
  Import took 0.003757 seconds .

========================================================================
Received Import Request.
  Time since last request: 0.004440 seconds.
  path: Assets/Lean/Touch/Extras/LeanRoll.cs
  artifactKey: Guid(44eecfd2f8136f94caff1a3e1238c023) Importer(815301076,1909f56bfc062723c751e8b465ee728b)
Start importing Assets/Lean/Touch/Extras/LeanRoll.cs using Guid(44eecfd2f8136f94caff1a3e1238c023) Importer(815301076,1909f56bfc062723c751e8b465ee728b)  -> (artifact id: '1e1226651165aa201526f1c2ca62bd3b') in 0.001808 seconds
  Import took 0.004450 seconds .

========================================================================
Received Import Request.
  Time since last request: 0.001943 seconds.
  path: Assets/Lean/Touch/Scripts/LeanGesture.cs
  artifactKey: Guid(da8a88708d8e3f349920ae0d6cc7e3c1) Importer(815301076,1909f56bfc062723c751e8b465ee728b)
Start importing Assets/Lean/Touch/Scripts/LeanGesture.cs using Guid(da8a88708d8e3f349920ae0d6cc7e3c1) Importer(815301076,1909f56bfc062723c751e8b465ee728b)  -> (artifact id: '21dcd9224e7e2c0b92178714e473772b') in 0.001615 seconds
  Import took 0.003764 seconds .

========================================================================
Received Import Request.
  Time since last request: 0.002178 seconds.
  path: Assets/Lean/Touch/Extras/LeanPinchScale.cs
  artifactKey: Guid(7c73c1ab94e28d244827af556dca1ed2) Importer(815301076,1909f56bfc062723c751e8b465ee728b)
Start importing Assets/Lean/Touch/Extras/LeanPinchScale.cs using Guid(7c73c1ab94e28d244827af556dca1ed2) Importer(815301076,1909f56bfc062723c751e8b465ee728b)  -> (artifact id: '33ef1bad928194ed931ef7321c1d5e97') in 0.001542 seconds
  Import took 0.003895 seconds .

========================================================================
Received Import Request.
  Time since last request: 0.002751 seconds.
  path: Assets/Lean/Touch/Extras/LeanFingerTap.cs
  artifactKey: Guid(f7c1c71d8ad5da9438de3b2e5990763f) Importer(815301076,1909f56bfc062723c751e8b465ee728b)
Start importing Assets/Lean/Touch/Extras/LeanFingerTap.cs using Guid(f7c1c71d8ad5da9438de3b2e5990763f) Importer(815301076,1909f56bfc062723c751e8b465ee728b)  -> (artifact id: '192e78defab30d518b6fcd6a01331e37') in 0.001417 seconds
  Import took 0.003262 seconds .

========================================================================
Received Import Request.
  Time since last request: 0.002335 seconds.
  path: Assets/Lean/Touch/Extras/LeanFingerSwipe.cs
  artifactKey: Guid(a2b29544581cbff48a74923442363fb0) Importer(815301076,1909f56bfc062723c751e8b465ee728b)
Start importing Assets/Lean/Touch/Extras/LeanFingerSwipe.cs using Guid(a2b29544581cbff48a74923442363fb0) Importer(815301076,1909f56bfc062723c751e8b465ee728b)  -> (artifact id: '3f3868aad2fd059456caa22ba0f5e18a') in 0.002127 seconds
  Import took 0.004670 seconds .

========================================================================
Received Import Request.
  Time since last request: 0.003334 seconds.
  path: Assets/Lean/Common/Scripts/LeanInspector.cs
  artifactKey: Guid(c51842c9aba23b548a212740fe66b48c) Importer(815301076,1909f56bfc062723c751e8b465ee728b)
Start importing Assets/Lean/Common/Scripts/LeanInspector.cs using Guid(c51842c9aba23b548a212740fe66b48c) Importer(815301076,1909f56bfc062723c751e8b465ee728b)  -> (artifact id: '692c602bde7a4e837d89bf94c22e402e') in 0.001875 seconds
  Import took 0.004025 seconds .

========================================================================
Received Import Request.
  Time since last request: 0.004086 seconds.
  path: Assets/Lean/Touch/Extras/LeanFingerUpdate.cs
  artifactKey: Guid(5ca05b4057f181e4db28ff62498d46b1) Importer(815301076,1909f56bfc062723c751e8b465ee728b)
Start importing Assets/Lean/Touch/Extras/LeanFingerUpdate.cs using Guid(5ca05b4057f181e4db28ff62498d46b1) Importer(815301076,1909f56bfc062723c751e8b465ee728b)  -> (artifact id: '2d67dc31c7c6f203914d4296944957db') in 0.001348 seconds
  Import took 0.003199 seconds .

========================================================================
Received Import Request.
  Time since last request: 0.001325 seconds.
  path: Assets/Lean/Touch/Examples/Scripts/LeanTouchEvents.cs
  artifactKey: Guid(5e801af14bb6ff642a16a53be53348be) Importer(815301076,1909f56bfc062723c751e8b465ee728b)
Start importing Assets/Lean/Touch/Examples/Scripts/LeanTouchEvents.cs using Guid(5e801af14bb6ff642a16a53be53348be) Importer(815301076,1909f56bfc062723c751e8b465ee728b)  -> (artifact id: '4a7744626c89bf6680da8368b54a5f3d') in 0.001204 seconds
  Import took 0.002672 seconds .

========================================================================
Received Import Request.
  Time since last request: 0.001304 seconds.
  path: Assets/Lean/Touch/Extras/LeanDragTranslate.cs
  artifactKey: Guid(4eda371e5375f454490a86f21559ee38) Importer(815301076,1909f56bfc062723c751e8b465ee728b)
Start importing Assets/Lean/Touch/Extras/LeanDragTranslate.cs using Guid(4eda371e5375f454490a86f21559ee38) Importer(815301076,1909f56bfc062723c751e8b465ee728b)  -> (artifact id: '042d5c088247f9583104e55269b1ac0a') in 0.001136 seconds
  Import took 0.002506 seconds .

========================================================================
Received Import Request.
  Time since last request: 0.001232 seconds.
  path: Assets/Lean/Touch/Scripts/LeanFinger.cs
  artifactKey: Guid(0991e6d1946d343449afb6600057d2f4) Importer(815301076,1909f56bfc062723c751e8b465ee728b)
Start importing Assets/Lean/Touch/Scripts/LeanFinger.cs using Guid(0991e6d1946d343449afb6600057d2f4) Importer(815301076,1909f56bfc062723c751e8b465ee728b)  -> (artifact id: 'debf9259e2132bdd868fe4119be1bd51') in 0.001144 seconds
  Import took 0.002578 seconds .

========================================================================
Received Import Request.
  Time since last request: 0.003188 seconds.
  path: Assets/Lean/Touch/Extras/LeanSelectableGraphicColor.cs
  artifactKey: Guid(0e3837cd44482a8459c76be5c56a41d3) Importer(815301076,1909f56bfc062723c751e8b465ee728b)
Start importing Assets/Lean/Touch/Extras/LeanSelectableGraphicColor.cs using Guid(0e3837cd44482a8459c76be5c56a41d3) Importer(815301076,1909f56bfc062723c751e8b465ee728b)  -> (artifact id: 'f0952e153f680924a448caaf574cdfec') in 0.001133 seconds
  Import took 0.002640 seconds .

========================================================================
Received Import Request.
  Time since last request: 0.008045 seconds.
  path: Assets/Lean/Touch/Extras/LeanSelectableRendererColor.cs
  artifactKey: Guid(2baa936f016a9a14e86ac8ea42211f4a) Importer(815301076,1909f56bfc062723c751e8b465ee728b)
Start importing Assets/Lean/Touch/Extras/LeanSelectableRendererColor.cs using Guid(2baa936f016a9a14e86ac8ea42211f4a) Importer(815301076,1909f56bfc062723c751e8b465ee728b)  -> (artifact id: '721766330a31b9e608f8d3203950df61') in 0.001600 seconds
  Import took 0.004296 seconds .

========================================================================
Received Import Request.
  Time since last request: 0.002187 seconds.
  path: Assets/DropRegent.cs
  artifactKey: Guid(845ba7254cb3f4a0483231165c219da1) Importer(815301076,1909f56bfc062723c751e8b465ee728b)
Start importing Assets/DropRegent.cs using Guid(845ba7254cb3f4a0483231165c219da1) Importer(815301076,1909f56bfc062723c751e8b465ee728b)  -> (artifact id: 'd2712c1c755e352f65422d154319aac8') in 0.001177 seconds
  Import took 0.002702 seconds .

========================================================================
Received Import Request.
  Time since last request: 0.001430 seconds.
  path: Assets/Lean/Touch/Extras/LeanFingerFilter.cs
  artifactKey: Guid(471246cd6f1851e4eac17e12e5bf7fec) Importer(815301076,1909f56bfc062723c751e8b465ee728b)
Start importing Assets/Lean/Touch/Extras/LeanFingerFilter.cs using Guid(471246cd6f1851e4eac17e12e5bf7fec) Importer(815301076,1909f56bfc062723c751e8b465ee728b)  -> (artifact id: 'ba44f31bbc18059d9eb1f72852c62c3a') in 0.001256 seconds
  Import took 0.002748 seconds .

========================================================================
Received Import Request.
  Time since last request: 0.001307 seconds.
  path: Assets/Lean/Touch/Extras/LeanDragCamera.cs
  artifactKey: Guid(e278200a08f9b9f419a13f87e9559ab1) Importer(815301076,1909f56bfc062723c751e8b465ee728b)
Start importing Assets/Lean/Touch/Extras/LeanDragCamera.cs using Guid(e278200a08f9b9f419a13f87e9559ab1) Importer(815301076,1909f56bfc062723c751e8b465ee728b)  -> (artifact id: '38f9e925a70d68efa98d61794ae467b1') in 0.001102 seconds
  Import took 0.002536 seconds .

========================================================================
Received Import Request.
  Time since last request: 0.001356 seconds.
  path: Assets/Lean/Common/Documentation/LeanGuide.cs
  artifactKey: Guid(65f14352023e7024bbd09d26a3e8379e) Importer(815301076,1909f56bfc062723c751e8b465ee728b)
Start importing Assets/Lean/Common/Documentation/LeanGuide.cs using Guid(65f14352023e7024bbd09d26a3e8379e) Importer(815301076,1909f56bfc062723c751e8b465ee728b)  -> (artifact id: 'e042047da76c3e81dd4c02dae68c72bb') in 0.001088 seconds
  Import took 0.002527 seconds .

========================================================================
Received Import Request.
  Time since last request: 0.001996 seconds.
  path: Assets/Lean/Touch/Extras/LeanFingerOld.cs
  artifactKey: Guid(9d71b10bcefcfe047b9ea4c92a92379d) Importer(815301076,1909f56bfc062723c751e8b465ee728b)
Start importing Assets/Lean/Touch/Extras/LeanFingerOld.cs using Guid(9d71b10bcefcfe047b9ea4c92a92379d) Importer(815301076,1909f56bfc062723c751e8b465ee728b)  -> (artifact id: 'e2e64a7ed55c0880db38927dd1e03af8') in 0.001828 seconds
  Import took 0.003813 seconds .

========================================================================
Received Import Request.
  Time since last request: 0.002850 seconds.
  path: Assets/Lean/Common/Scripts/LeanHelper.cs
  artifactKey: Guid(74ff7c06330793042a1bb0a7fc0accb5) Importer(815301076,1909f56bfc062723c751e8b465ee728b)
Start importing Assets/Lean/Common/Scripts/LeanHelper.cs using Guid(74ff7c06330793042a1bb0a7fc0accb5) Importer(815301076,1909f56bfc062723c751e8b465ee728b)  -> (artifact id: '774fc342dab4e013520d9b5c0c0a3018') in 0.001232 seconds
  Import took 0.003070 seconds .

========================================================================
Received Import Request.
  Time since last request: 0.001477 seconds.
  path: Assets/Lean/Touch/Extras/LeanSelectableBehaviour.cs
  artifactKey: Guid(e79fdb2e0edc7c244ae6ee18c7f7cba7) Importer(815301076,1909f56bfc062723c751e8b465ee728b)
Start importing Assets/Lean/Touch/Extras/LeanSelectableBehaviour.cs using Guid(e79fdb2e0edc7c244ae6ee18c7f7cba7) Importer(815301076,1909f56bfc062723c751e8b465ee728b)  -> (artifact id: 'd30558169771998f071785ec4e076c11') in 0.001129 seconds
  Import took 0.002625 seconds .

========================================================================
Received Import Request.
  Time since last request: 0.001373 seconds.
  path: Assets/Lean/Common/Examples/Scripts/LeanLinkTo.cs
  artifactKey: Guid(ae8f233b40abd2c4f9deab4ffe64baad) Importer(815301076,1909f56bfc062723c751e8b465ee728b)
Start importing Assets/Lean/Common/Examples/Scripts/LeanLinkTo.cs using Guid(ae8f233b40abd2c4f9deab4ffe64baad) Importer(815301076,1909f56bfc062723c751e8b465ee728b)  -> (artifact id: '072565a6d86ff147b16ba96565054713') in 0.001155 seconds
  Import took 0.002675 seconds .

========================================================================
Received Import Request.
  Time since last request: 0.006596 seconds.
  path: Assets/Lean/Touch/Extras/LeanSelect.cs
  artifactKey: Guid(479d695282ba6cf4ba3ab3c4848f05e8) Importer(815301076,1909f56bfc062723c751e8b465ee728b)
Start importing Assets/Lean/Touch/Extras/LeanSelect.cs using Guid(479d695282ba6cf4ba3ab3c4848f05e8) Importer(815301076,1909f56bfc062723c751e8b465ee728b)  -> (artifact id: '06af1019bc29814d815a2223cedaff17') in 0.001223 seconds
  Import took 0.002978 seconds .

========================================================================
Received Import Request.
  Time since last request: 0.001395 seconds.
  path: Assets/Lean/Common/Scripts/LeanInput.cs
  artifactKey: Guid(5d7cb908f09132640b4ef9497b45e0c0) Importer(815301076,1909f56bfc062723c751e8b465ee728b)
Start importing Assets/Lean/Common/Scripts/LeanInput.cs using Guid(5d7cb908f09132640b4ef9497b45e0c0) Importer(815301076,1909f56bfc062723c751e8b465ee728b)  -> (artifact id: '94718a4e6be835bec3bbeb653692e5be') in 0.001107 seconds
  Import took 0.002568 seconds .

========================================================================
Received Import Request.
  Time since last request: 0.002874 seconds.
  path: Assets/Lean/Touch/Examples/Scripts/LeanDragTrail.cs
  artifactKey: Guid(9f03abde3ceb8184da632ff83c420768) Importer(815301076,1909f56bfc062723c751e8b465ee728b)
Start importing Assets/Lean/Touch/Examples/Scripts/LeanDragTrail.cs using Guid(9f03abde3ceb8184da632ff83c420768) Importer(815301076,1909f56bfc062723c751e8b465ee728b)  -> (artifact id: 'cf13091fbf32e44b58b417652bc9ccbc') in 0.001230 seconds
  Import took 0.003004 seconds .

========================================================================
Received Import Request.
  Time since last request: 0.001458 seconds.
  path: Assets/Lean/Touch/Extras/LeanTwistRotate.cs
  artifactKey: Guid(52d72cc6210cb7144a24acb7402222a6) Importer(815301076,1909f56bfc062723c751e8b465ee728b)
Start importing Assets/Lean/Touch/Extras/LeanTwistRotate.cs using Guid(52d72cc6210cb7144a24acb7402222a6) Importer(815301076,1909f56bfc062723c751e8b465ee728b)  -> (artifact id: '4ded961b6c6f8585f7b45bbd6153750d') in 0.001187 seconds
  Import took 0.002704 seconds .

========================================================================
Received Import Request.
  Time since last request: 0.003226 seconds.
  path: Assets/Lean/Common/Examples/Scripts/LeanUpgradeEventSystem.cs
  artifactKey: Guid(a65dba056618ef244aa5f7a41138f642) Importer(815301076,1909f56bfc062723c751e8b465ee728b)
Start importing Assets/Lean/Common/Examples/Scripts/LeanUpgradeEventSystem.cs using Guid(a65dba056618ef244aa5f7a41138f642) Importer(815301076,1909f56bfc062723c751e8b465ee728b)  -> (artifact id: '7f500712483beddf87351abd45f00e2b') in 0.001129 seconds
  Import took 0.002614 seconds .

========================================================================
Received Import Request.
  Time since last request: 0.001331 seconds.
  path: Assets/Lean/Touch/Extras/LeanSwipeBase.cs
  artifactKey: Guid(d6570a4c74d8dbf43b0d2152e0313001) Importer(815301076,1909f56bfc062723c751e8b465ee728b)
Start importing Assets/Lean/Touch/Extras/LeanSwipeBase.cs using Guid(d6570a4c74d8dbf43b0d2152e0313001) Importer(815301076,1909f56bfc062723c751e8b465ee728b)  -> (artifact id: '5a6c10080a370984f8aad337d87481d0') in 0.001063 seconds
  Import took 0.002491 seconds .

========================================================================
Received Import Request.
  Time since last request: 0.001267 seconds.
  path: Assets/Lean/Touch/Scripts/LeanTouch.cs
  artifactKey: Guid(1fc98219a83dff145947365dc914d06e) Importer(815301076,1909f56bfc062723c751e8b465ee728b)
Start importing Assets/Lean/Touch/Scripts/LeanTouch.cs using Guid(1fc98219a83dff145947365dc914d06e) Importer(815301076,1909f56bfc062723c751e8b465ee728b)  -> (artifact id: '629a510027d409956064d6ed95c52fea') in 0.001031 seconds
  Import took 0.002385 seconds .

========================================================================
Received Import Request.
  Time since last request: 0.001235 seconds.
  path: Assets/Lean/Touch/Extras/LeanTwistRotateAxis.cs
  artifactKey: Guid(dc7c91b26689a054d88448aba6dfe424) Importer(815301076,1909f56bfc062723c751e8b465ee728b)
Start importing Assets/Lean/Touch/Extras/LeanTwistRotateAxis.cs using Guid(dc7c91b26689a054d88448aba6dfe424) Importer(815301076,1909f56bfc062723c751e8b465ee728b)  -> (artifact id: '8d80d7b509662125b46eefd43403c999') in 0.001164 seconds
  Import took 0.002523 seconds .

========================================================================
Received Import Request.
  Time since last request: 0.003030 seconds.
  path: Assets/Lean/Touch/Extras/LeanPath.cs
  artifactKey: Guid(f3b515ca1c988ce43853bd6120e9b94b) Importer(815301076,1909f56bfc062723c751e8b465ee728b)
Start importing Assets/Lean/Touch/Extras/LeanPath.cs using Guid(f3b515ca1c988ce43853bd6120e9b94b) Importer(815301076,1909f56bfc062723c751e8b465ee728b)  -> (artifact id: '74a31436475905647aad73ccb7d63fe7') in 0.001176 seconds
  Import took 0.002892 seconds .

========================================================================
Received Prepare
Registering precompiled user dll's ...
Registered in 0.000317 seconds.
Begin MonoManager ReloadAssembly
Native extension for WindowsStandalone target not found
Native extension for OSXStandalone target not found
Refreshing native plugins compatible for Editor in 0.19 ms, found 1 plugins.
Preloading 0 native plugins for Editor in 0.00 ms.
Mono: successfully reloaded assembly
- Completed reload, in  0.822 seconds
Platform modules already initialized, skipping
Refreshing native plugins compatible for Editor in 0.19 ms, found 1 plugins.
Preloading 0 native plugins for Editor in 0.00 ms.
Unloading 1157 Unused Serialized files (Serialized files now loaded: 0)
System memory in use before: 137.0 MB.
System memory in use after: 137.1 MB.

Unloading 5 unused Assets to reduce memory usage. Loaded Objects now: 1629.
Total: 1.887136 ms (FindLiveObjects: 0.184037 ms CreateObjectMapping: 0.052972 ms MarkObjects: 1.600994 ms  DeleteObjects: 0.047869 ms)

